{"src\\js\\_scaffolding.js":{"path":"src\\js\\_scaffolding.js","s":{"1":1},"b":{"1":[1,1]},"f":{},"fnMap":{},"statementMap":{"1":{"start":{"line":2,"column":0},"end":{"line":2,"column":88}}},"branchMap":{"1":{"line":2,"type":"binary-expr","locations":[{"start":{"line":2,"column":55},"end":{"line":2,"column":81}},{"start":{"line":2,"column":85},"end":{"line":2,"column":87}}]}}},"src\\js\\_defaults.js":{"path":"src\\js\\_defaults.js","s":{"1":1},"b":{},"f":{},"fnMap":{},"statementMap":{"1":{"start":{"line":2,"column":0},"end":{"line":8,"column":2}}},"branchMap":{}},"src\\js\\_event-factory.js":{"path":"src\\js\\_event-factory.js","s":{"1":1,"2":0,"3":0,"4":0,"5":0,"6":0,"7":0,"8":0,"9":0,"10":0,"11":0,"12":0,"13":0,"14":0},"b":{"1":[0,0],"2":[0,0]},"f":{"1":0,"2":0,"3":0},"fnMap":{"1":{"name":"(anonymous_1)","line":2,"loc":{"start":{"line":2,"column":35},"end":{"line":2,"column":45}}},"2":{"name":"(anonymous_2)","line":10,"loc":{"start":{"line":10,"column":13},"end":{"line":10,"column":38}}},"3":{"name":"(anonymous_3)","line":18,"loc":{"start":{"line":18,"column":18},"end":{"line":18,"column":41}}}},"statementMap":{"1":{"start":{"line":2,"column":0},"end":{"line":39,"column":2}},"2":{"start":{"line":4,"column":1},"end":{"line":4,"column":17}},"3":{"start":{"line":7,"column":1},"end":{"line":7,"column":24}},"4":{"start":{"line":10,"column":1},"end":{"line":15,"column":6}},"5":{"start":{"line":12,"column":8},"end":{"line":12,"column":66}},"6":{"start":{"line":14,"column":8},"end":{"line":14,"column":46}},"7":{"start":{"line":18,"column":1},"end":{"line":35,"column":6}},"8":{"start":{"line":20,"column":8},"end":{"line":34,"column":9}},"9":{"start":{"line":22,"column":12},"end":{"line":33,"column":13}},"10":{"start":{"line":24,"column":16},"end":{"line":24,"column":34}},"11":{"start":{"line":27,"column":16},"end":{"line":29,"column":17}},"12":{"start":{"line":28,"column":20},"end":{"line":28,"column":44}},"13":{"start":{"line":32,"column":16},"end":{"line":32,"column":75}},"14":{"start":{"line":38,"column":4},"end":{"line":38,"column":18}}},"branchMap":{"1":{"line":12,"type":"binary-expr","locations":[{"start":{"line":12,"column":35},"end":{"line":12,"column":59}},{"start":{"line":12,"column":63},"end":{"line":12,"column":65}}]},"2":{"line":20,"type":"if","locations":[{"start":{"line":20,"column":8},"end":{"line":20,"column":8}},{"start":{"line":20,"column":8},"end":{"line":20,"column":8}}]}}},"src\\js\\_ua.js":{"path":"src\\js\\_ua.js","s":{"1":1,"2":0,"3":0,"4":0,"5":0,"6":0,"7":0,"8":0,"9":0,"10":0,"11":0},"b":{"1":[0,0],"2":[0,0]},"f":{"1":0,"2":0},"fnMap":{"1":{"name":"(anonymous_1)","line":4,"loc":{"start":{"line":4,"column":14},"end":{"line":4,"column":28}}},"2":{"name":"(anonymous_2)","line":19,"loc":{"start":{"line":19,"column":14},"end":{"line":19,"column":24}}}},"statementMap":{"1":{"start":{"line":2,"column":0},"end":{"line":26,"column":2}},"2":{"start":{"line":6,"column":12},"end":{"line":6,"column":62}},"3":{"start":{"line":9,"column":12},"end":{"line":14,"column":13}},"4":{"start":{"line":10,"column":16},"end":{"line":10,"column":82}},"5":{"start":{"line":11,"column":16},"end":{"line":11,"column":55}},"6":{"start":{"line":12,"column":16},"end":{"line":12,"column":50}},"7":{"start":{"line":13,"column":16},"end":{"line":13,"column":97}},"8":{"start":{"line":17,"column":12},"end":{"line":17,"column":36}},"9":{"start":{"line":20,"column":12},"end":{"line":20,"column":62}},"10":{"start":{"line":21,"column":12},"end":{"line":23,"column":13}},"11":{"start":{"line":22,"column":16},"end":{"line":22,"column":54}}},"branchMap":{"1":{"line":9,"type":"if","locations":[{"start":{"line":9,"column":12},"end":{"line":9,"column":12}},{"start":{"line":9,"column":12},"end":{"line":9,"column":12}}]},"2":{"line":21,"type":"if","locations":[{"start":{"line":21,"column":12},"end":{"line":21,"column":12}},{"start":{"line":21,"column":12},"end":{"line":21,"column":12}}]}}},"src\\js\\_urls.js":{"path":"src\\js\\_urls.js","s":{"1":1,"2":0,"3":0,"4":0,"5":0,"6":0,"7":0,"8":0,"9":0,"10":0,"11":0},"b":{"1":[0,0],"2":[0,0],"3":[0,0],"4":[0,0]},"f":{"1":0,"2":0,"3":0,"4":0},"fnMap":{"1":{"name":"(anonymous_1)","line":8,"loc":{"start":{"line":8,"column":11},"end":{"line":8,"column":51}}},"2":{"name":"(anonymous_2)","line":17,"loc":{"start":{"line":17,"column":17},"end":{"line":17,"column":47}}},"3":{"name":"(anonymous_3)","line":23,"loc":{"start":{"line":23,"column":11},"end":{"line":23,"column":29}}},"4":{"name":"(anonymous_4)","line":26,"loc":{"start":{"line":26,"column":15},"end":{"line":26,"column":30}}}},"statementMap":{"1":{"start":{"line":2,"column":0},"end":{"line":32,"column":2}},"2":{"start":{"line":9,"column":4},"end":{"line":9,"column":60}},"3":{"start":{"line":10,"column":4},"end":{"line":10,"column":66}},"4":{"start":{"line":11,"column":4},"end":{"line":11,"column":53}},"5":{"start":{"line":12,"column":4},"end":{"line":12,"column":70}},"6":{"start":{"line":14,"column":4},"end":{"line":14,"column":15}},"7":{"start":{"line":18,"column":4},"end":{"line":18,"column":120}},"8":{"start":{"line":24,"column":2},"end":{"line":24,"column":66}},"9":{"start":{"line":27,"column":5},"end":{"line":27,"column":63}},"10":{"start":{"line":28,"column":5},"end":{"line":29,"column":47}},"11":{"start":{"line":30,"column":5},"end":{"line":30,"column":87}}},"branchMap":{"1":{"line":9,"type":"binary-expr","locations":[{"start":{"line":9,"column":14},"end":{"line":9,"column":22}},{"start":{"line":9,"column":26},"end":{"line":9,"column":59}}]},"2":{"line":10,"type":"binary-expr","locations":[{"start":{"line":10,"column":24},"end":{"line":10,"column":34}},{"start":{"line":10,"column":38},"end":{"line":10,"column":64}}]},"3":{"line":12,"type":"binary-expr","locations":[{"start":{"line":12,"column":23},"end":{"line":12,"column":39}},{"start":{"line":12,"column":43},"end":{"line":12,"column":68}}]},"4":{"line":30,"type":"cond-expr","locations":[{"start":{"line":30,"column":31},"end":{"line":30,"column":33}},{"start":{"line":30,"column":36},"end":{"line":30,"column":86}}]}}},"src\\js\\main-address.js":{"path":"src\\js\\main-address.js","s":{"1":1,"2":0,"3":0,"4":0,"5":0,"6":0,"7":0,"8":0,"9":0,"10":0,"11":0,"12":0,"13":0,"14":0,"15":0,"16":0,"17":0,"18":0,"19":0,"20":0,"21":0,"22":0,"23":0,"24":0,"25":0,"26":0,"27":0,"28":0,"29":0,"30":0,"31":0,"32":0,"33":0,"34":0,"35":0,"36":0,"37":0,"38":0,"39":0,"40":0,"41":0,"42":0,"43":0,"44":0,"45":0,"46":0,"47":0,"48":0,"49":0,"50":0,"51":0,"52":0,"53":0,"54":0,"55":0,"56":0,"57":0,"58":0,"59":0,"60":0,"61":0,"62":0,"63":0,"64":0,"65":0,"66":0,"67":0,"68":0,"69":0,"70":0,"71":0,"72":0,"73":0,"74":0,"75":0,"76":0,"77":0,"78":0,"79":0,"80":0,"81":0,"82":0,"83":0,"84":0,"85":0,"86":0,"87":0,"88":0,"89":0,"90":0,"91":0,"92":0,"93":0,"94":0,"95":0,"96":0,"97":0,"98":0,"99":0,"100":0,"101":0,"102":0,"103":0,"104":0,"105":0,"106":0,"107":0,"108":0,"109":0,"110":0,"111":0,"112":0,"113":0,"114":0,"115":0,"116":0,"117":0,"118":0,"119":0,"120":0,"121":0,"122":0,"123":0,"124":0,"125":0,"126":0,"127":0,"128":0,"129":0,"130":0,"131":0,"132":0,"133":0,"134":0,"135":0,"136":0,"137":0,"138":0,"139":0,"140":0,"141":0,"142":0,"143":0,"144":0,"145":0,"146":0,"147":0,"148":0,"149":0,"150":0,"151":0,"152":0,"153":0,"154":0,"155":0,"156":0,"157":0,"158":0,"159":0,"160":0,"161":0,"162":0,"163":0,"164":0,"165":0,"166":0,"167":0,"168":0,"169":0,"170":0,"171":0,"172":0,"173":0,"174":0,"175":0,"176":0,"177":0,"178":0,"179":0,"180":0,"181":0,"182":0,"183":0,"184":0,"185":0,"186":0,"187":0,"188":0,"189":0,"190":0,"191":0,"192":0,"193":0,"194":0,"195":0,"196":0,"197":0,"198":0,"199":0,"200":0,"201":0,"202":0,"203":0,"204":0,"205":0,"206":0,"207":0,"208":0,"209":0,"210":0,"211":0,"212":0,"213":0,"214":0,"215":0,"216":0,"217":0,"218":0,"219":0,"220":0,"221":0,"222":0,"223":0,"224":0,"225":0,"226":0,"227":0,"228":0,"229":0,"230":0,"231":0,"232":0,"233":0,"234":0,"235":0,"236":0,"237":0,"238":0,"239":0,"240":0,"241":0,"242":0,"243":0,"244":0,"245":0,"246":0,"247":0,"248":0,"249":0,"250":0,"251":0,"252":0,"253":0,"254":0,"255":0,"256":0,"257":0,"258":0,"259":0,"260":0,"261":0,"262":0,"263":0,"264":0,"265":0,"266":0,"267":0,"268":0,"269":0,"270":0,"271":0,"272":0,"273":0,"274":0,"275":0,"276":0,"277":0,"278":0,"279":0,"280":0,"281":0,"282":0,"283":0,"284":0,"285":0,"286":0,"287":0,"288":0,"289":0,"290":0,"291":0,"292":0,"293":0,"294":0,"295":0,"296":0,"297":0,"298":0,"299":0,"300":0,"301":0,"302":0,"303":0,"304":0,"305":0,"306":0,"307":0,"308":0,"309":0,"310":0,"311":0,"312":0,"313":0,"314":0,"315":0,"316":0,"317":0,"318":0,"319":0,"320":0,"321":0,"322":0,"323":0,"324":0},"b":{"1":[0,0],"2":[0,0],"3":[0,0],"4":[0,0],"5":[0,0],"6":[0,0],"7":[0,0],"8":[0,0],"9":[0,0],"10":[0,0],"11":[0,0,0],"12":[0,0],"13":[0,0],"14":[0,0],"15":[0,0],"16":[0,0],"17":[0,0,0,0],"18":[0,0],"19":[0,0],"20":[0,0],"21":[0,0,0,0,0],"22":[0,0],"23":[0,0],"24":[0,0],"25":[0,0],"26":[0,0],"27":[0,0],"28":[0,0],"29":[0,0],"30":[0,0],"31":[0,0],"32":[0,0],"33":[0,0],"34":[0,0],"35":[0,0],"36":[0,0],"37":[0,0],"38":[0,0],"39":[0,0],"40":[0,0],"41":[0,0],"42":[0,0],"43":[0,0],"44":[0,0],"45":[0,0],"46":[0,0],"47":[0,0],"48":[0,0],"49":[0,0],"50":[0,0],"51":[0,0],"52":[0,0],"53":[0,0],"54":[0,0],"55":[0,0],"56":[0,0],"57":[0,0],"58":[0,0],"59":[0,0],"60":[0,0],"61":[0,0],"62":[0,0],"63":[0,0]},"f":{"1":0,"2":0,"3":0,"4":0,"5":0,"6":0,"7":0,"8":0,"9":0,"10":0,"11":0,"12":0,"13":0,"14":0,"15":0,"16":0,"17":0,"18":0,"19":0,"20":0,"21":0,"22":0,"23":0,"24":0,"25":0,"26":0,"27":0,"28":0,"29":0,"30":0,"31":0,"32":0,"33":0,"34":0,"35":0,"36":0,"37":0,"38":0,"39":0,"40":0,"41":0,"42":0,"43":0},"fnMap":{"1":{"name":"(anonymous_1)","line":2,"loc":{"start":{"line":2,"column":30},"end":{"line":2,"column":47}}},"2":{"name":"(anonymous_2)","line":23,"loc":{"start":{"line":23,"column":17},"end":{"line":23,"column":27}}},"3":{"name":"(anonymous_3)","line":45,"loc":{"start":{"line":45,"column":56},"end":{"line":45,"column":71}}},"4":{"name":"(anonymous_4)","line":53,"loc":{"start":{"line":53,"column":19},"end":{"line":53,"column":34}}},"5":{"name":"(anonymous_5)","line":103,"loc":{"start":{"line":103,"column":27},"end":{"line":103,"column":37}}},"6":{"name":"(anonymous_6)","line":113,"loc":{"start":{"line":113,"column":22},"end":{"line":113,"column":32}}},"7":{"name":"(anonymous_7)","line":124,"loc":{"start":{"line":124,"column":34},"end":{"line":124,"column":44}}},"8":{"name":"(anonymous_8)","line":130,"loc":{"start":{"line":130,"column":19},"end":{"line":130,"column":32}}},"9":{"name":"(anonymous_9)","line":150,"loc":{"start":{"line":150,"column":10},"end":{"line":150,"column":23}}},"10":{"name":"(anonymous_10)","line":158,"loc":{"start":{"line":158,"column":10},"end":{"line":158,"column":28}}},"11":{"name":"(anonymous_11)","line":218,"loc":{"start":{"line":218,"column":8},"end":{"line":218,"column":23}}},"12":{"name":"(anonymous_12)","line":245,"loc":{"start":{"line":245,"column":36},"end":{"line":245,"column":50}}},"13":{"name":"(anonymous_13)","line":259,"loc":{"start":{"line":259,"column":8},"end":{"line":259,"column":18}}},"14":{"name":"(anonymous_14)","line":272,"loc":{"start":{"line":272,"column":11},"end":{"line":272,"column":21}}},"15":{"name":"(anonymous_15)","line":284,"loc":{"start":{"line":284,"column":12},"end":{"line":284,"column":22}}},"16":{"name":"(anonymous_16)","line":291,"loc":{"start":{"line":291,"column":10},"end":{"line":291,"column":20}}},"17":{"name":"(anonymous_17)","line":333,"loc":{"start":{"line":333,"column":14},"end":{"line":333,"column":24}}},"18":{"name":"(anonymous_18)","line":343,"loc":{"start":{"line":343,"column":18},"end":{"line":343,"column":32}}},"19":{"name":"(anonymous_19)","line":352,"loc":{"start":{"line":352,"column":17},"end":{"line":352,"column":29}}},"20":{"name":"(anonymous_20)","line":356,"loc":{"start":{"line":356,"column":9},"end":{"line":356,"column":20}}},"21":{"name":"(anonymous_21)","line":422,"loc":{"start":{"line":422,"column":23},"end":{"line":422,"column":37}}},"22":{"name":"(anonymous_22)","line":434,"loc":{"start":{"line":434,"column":10},"end":{"line":434,"column":23}}},"23":{"name":"(anonymous_23)","line":437,"loc":{"start":{"line":437,"column":14},"end":{"line":437,"column":24}}},"24":{"name":"(anonymous_24)","line":447,"loc":{"start":{"line":447,"column":8},"end":{"line":447,"column":22}}},"25":{"name":"(anonymous_25)","line":469,"loc":{"start":{"line":469,"column":8},"end":{"line":469,"column":22}}},"26":{"name":"(anonymous_26)","line":515,"loc":{"start":{"line":515,"column":8},"end":{"line":515,"column":18}}},"27":{"name":"(anonymous_27)","line":522,"loc":{"start":{"line":522,"column":35},"end":{"line":522,"column":45}}},"28":{"name":"(anonymous_28)","line":537,"loc":{"start":{"line":537,"column":10},"end":{"line":537,"column":30}}},"29":{"name":"(anonymous_29)","line":557,"loc":{"start":{"line":557,"column":8},"end":{"line":557,"column":23}}},"30":{"name":"(anonymous_30)","line":565,"loc":{"start":{"line":565,"column":25},"end":{"line":565,"column":35}}},"31":{"name":"(anonymous_31)","line":576,"loc":{"start":{"line":576,"column":25},"end":{"line":576,"column":35}}},"32":{"name":"(anonymous_32)","line":586,"loc":{"start":{"line":586,"column":23},"end":{"line":586,"column":38}}},"33":{"name":"(anonymous_33)","line":604,"loc":{"start":{"line":604,"column":19},"end":{"line":604,"column":39}}},"34":{"name":"(anonymous_34)","line":614,"loc":{"start":{"line":614,"column":29},"end":{"line":614,"column":44}}},"35":{"name":"(anonymous_35)","line":627,"loc":{"start":{"line":627,"column":8},"end":{"line":627,"column":18}}},"36":{"name":"(anonymous_36)","line":642,"loc":{"start":{"line":642,"column":8},"end":{"line":642,"column":18}}},"37":{"name":"(anonymous_37)","line":651,"loc":{"start":{"line":651,"column":18},"end":{"line":651,"column":33}}},"38":{"name":"(anonymous_38)","line":672,"loc":{"start":{"line":672,"column":25},"end":{"line":672,"column":35}}},"39":{"name":"(anonymous_39)","line":679,"loc":{"start":{"line":679,"column":35},"end":{"line":679,"column":45}}},"40":{"name":"(anonymous_40)","line":690,"loc":{"start":{"line":690,"column":7},"end":{"line":690,"column":30}}},"41":{"name":"(anonymous_41)","line":696,"loc":{"start":{"line":696,"column":44},"end":{"line":696,"column":55}}},"42":{"name":"(anonymous_42)","line":714,"loc":{"start":{"line":714,"column":45},"end":{"line":714,"column":56}}},"43":{"name":"(anonymous_43)","line":720,"loc":{"start":{"line":720,"column":47},"end":{"line":720,"column":58}}}},"statementMap":{"1":{"start":{"line":2,"column":0},"end":{"line":735,"column":2}},"2":{"start":{"line":4,"column":1},"end":{"line":4,"column":30}},"3":{"start":{"line":7,"column":1},"end":{"line":7,"column":25}},"4":{"start":{"line":8,"column":1},"end":{"line":8,"column":30}},"5":{"start":{"line":9,"column":1},"end":{"line":9,"column":33}},"6":{"start":{"line":10,"column":1},"end":{"line":10,"column":31}},"7":{"start":{"line":11,"column":1},"end":{"line":11,"column":34}},"8":{"start":{"line":12,"column":1},"end":{"line":12,"column":32}},"9":{"start":{"line":13,"column":1},"end":{"line":13,"column":32}},"10":{"start":{"line":14,"column":1},"end":{"line":14,"column":107}},"11":{"start":{"line":15,"column":1},"end":{"line":15,"column":101}},"12":{"start":{"line":16,"column":1},"end":{"line":16,"column":101}},"13":{"start":{"line":17,"column":1},"end":{"line":17,"column":104}},"14":{"start":{"line":20,"column":1},"end":{"line":20,"column":58}},"15":{"start":{"line":23,"column":1},"end":{"line":51,"column":3}},"16":{"start":{"line":25,"column":2},"end":{"line":25,"column":46}},"17":{"start":{"line":26,"column":2},"end":{"line":32,"column":3}},"18":{"start":{"line":28,"column":3},"end":{"line":28,"column":28}},"19":{"start":{"line":30,"column":3},"end":{"line":30,"column":169}},"20":{"start":{"line":31,"column":3},"end":{"line":31,"column":10}},"21":{"start":{"line":34,"column":2},"end":{"line":34,"column":28}},"22":{"start":{"line":36,"column":2},"end":{"line":50,"column":3}},"23":{"start":{"line":37,"column":3},"end":{"line":37,"column":44}},"24":{"start":{"line":39,"column":3},"end":{"line":39,"column":61}},"25":{"start":{"line":41,"column":3},"end":{"line":41,"column":72}},"26":{"start":{"line":43,"column":3},"end":{"line":43,"column":65}},"27":{"start":{"line":45,"column":3},"end":{"line":47,"column":6}},"28":{"start":{"line":46,"column":7},"end":{"line":46,"column":30}},"29":{"start":{"line":49,"column":3},"end":{"line":49,"column":26}},"30":{"start":{"line":53,"column":1},"end":{"line":101,"column":3}},"31":{"start":{"line":55,"column":2},"end":{"line":55,"column":32}},"32":{"start":{"line":56,"column":8},"end":{"line":56,"column":33}},"33":{"start":{"line":57,"column":8},"end":{"line":60,"column":9}},"34":{"start":{"line":58,"column":12},"end":{"line":58,"column":39}},"35":{"start":{"line":59,"column":12},"end":{"line":59,"column":19}},"36":{"start":{"line":62,"column":2},"end":{"line":62,"column":52}},"37":{"start":{"line":63,"column":2},"end":{"line":63,"column":59}},"38":{"start":{"line":66,"column":2},"end":{"line":100,"column":3}},"39":{"start":{"line":68,"column":3},"end":{"line":70,"column":4}},"40":{"start":{"line":69,"column":4},"end":{"line":69,"column":44}},"41":{"start":{"line":73,"column":3},"end":{"line":75,"column":4}},"42":{"start":{"line":74,"column":4},"end":{"line":74,"column":11}},"43":{"start":{"line":78,"column":3},"end":{"line":78,"column":69}},"44":{"start":{"line":81,"column":3},"end":{"line":81,"column":73}},"45":{"start":{"line":84,"column":3},"end":{"line":84,"column":56}},"46":{"start":{"line":87,"column":3},"end":{"line":87,"column":26}},"47":{"start":{"line":90,"column":3},"end":{"line":90,"column":33}},"48":{"start":{"line":93,"column":3},"end":{"line":93,"column":33}},"49":{"start":{"line":96,"column":3},"end":{"line":96,"column":53}},"50":{"start":{"line":97,"column":9},"end":{"line":100,"column":3}},"51":{"start":{"line":99,"column":3},"end":{"line":99,"column":28}},"52":{"start":{"line":103,"column":1},"end":{"line":110,"column":3}},"53":{"start":{"line":104,"column":2},"end":{"line":104,"column":55}},"54":{"start":{"line":107,"column":2},"end":{"line":109,"column":3}},"55":{"start":{"line":108,"column":3},"end":{"line":108,"column":36}},"56":{"start":{"line":113,"column":1},"end":{"line":122,"column":3}},"57":{"start":{"line":115,"column":2},"end":{"line":121,"column":39}},"58":{"start":{"line":124,"column":1},"end":{"line":127,"column":3}},"59":{"start":{"line":130,"column":1},"end":{"line":147,"column":3}},"60":{"start":{"line":132,"column":2},"end":{"line":132,"column":56}},"61":{"start":{"line":135,"column":2},"end":{"line":135,"column":32}},"62":{"start":{"line":138,"column":2},"end":{"line":138,"column":34}},"63":{"start":{"line":141,"column":2},"end":{"line":143,"column":3}},"64":{"start":{"line":142,"column":3},"end":{"line":142,"column":109}},"65":{"start":{"line":146,"column":2},"end":{"line":146,"column":72}},"66":{"start":{"line":149,"column":1},"end":{"line":210,"column":3}},"67":{"start":{"line":152,"column":3},"end":{"line":152,"column":59}},"68":{"start":{"line":155,"column":3},"end":{"line":155,"column":35}},"69":{"start":{"line":156,"column":3},"end":{"line":156,"column":81}},"70":{"start":{"line":160,"column":3},"end":{"line":160,"column":65}},"71":{"start":{"line":162,"column":3},"end":{"line":208,"column":4}},"72":{"start":{"line":163,"column":4},"end":{"line":163,"column":43}},"73":{"start":{"line":165,"column":4},"end":{"line":207,"column":5}},"74":{"start":{"line":169,"column":6},"end":{"line":171,"column":8}},"75":{"start":{"line":173,"column":6},"end":{"line":181,"column":7}},"76":{"start":{"line":175,"column":7},"end":{"line":180,"column":8}},"77":{"start":{"line":176,"column":8},"end":{"line":176,"column":42}},"78":{"start":{"line":177,"column":8},"end":{"line":177,"column":28}},"79":{"start":{"line":178,"column":8},"end":{"line":178,"column":53}},"80":{"start":{"line":179,"column":8},"end":{"line":179,"column":43}},"81":{"start":{"line":183,"column":6},"end":{"line":183,"column":38}},"82":{"start":{"line":184,"column":6},"end":{"line":184,"column":12}},"83":{"start":{"line":194,"column":6},"end":{"line":205,"column":7}},"84":{"start":{"line":196,"column":7},"end":{"line":196,"column":33}},"85":{"start":{"line":197,"column":7},"end":{"line":197,"column":52}},"86":{"start":{"line":199,"column":7},"end":{"line":199,"column":35}},"87":{"start":{"line":200,"column":7},"end":{"line":202,"column":8}},"88":{"start":{"line":201,"column":8},"end":{"line":201,"column":69}},"89":{"start":{"line":203,"column":7},"end":{"line":203,"column":37}},"90":{"start":{"line":204,"column":7},"end":{"line":204,"column":30}},"91":{"start":{"line":206,"column":6},"end":{"line":206,"column":12}},"92":{"start":{"line":212,"column":1},"end":{"line":465,"column":3}},"93":{"start":{"line":220,"column":3},"end":{"line":220,"column":43}},"94":{"start":{"line":223,"column":3},"end":{"line":223,"column":59}},"95":{"start":{"line":226,"column":3},"end":{"line":226,"column":95}},"96":{"start":{"line":229,"column":3},"end":{"line":229,"column":46}},"97":{"start":{"line":232,"column":3},"end":{"line":232,"column":37}},"98":{"start":{"line":235,"column":3},"end":{"line":235,"column":33}},"99":{"start":{"line":238,"column":3},"end":{"line":238,"column":141}},"100":{"start":{"line":240,"column":3},"end":{"line":256,"column":4}},"101":{"start":{"line":242,"column":4},"end":{"line":242,"column":76}},"102":{"start":{"line":245,"column":4},"end":{"line":252,"column":7}},"103":{"start":{"line":247,"column":5},"end":{"line":247,"column":59}},"104":{"start":{"line":248,"column":5},"end":{"line":248,"column":55}},"105":{"start":{"line":251,"column":5},"end":{"line":251,"column":40}},"106":{"start":{"line":255,"column":4},"end":{"line":255,"column":52}},"107":{"start":{"line":261,"column":3},"end":{"line":261,"column":40}},"108":{"start":{"line":263,"column":3},"end":{"line":263,"column":49}},"109":{"start":{"line":265,"column":3},"end":{"line":268,"column":4}},"110":{"start":{"line":266,"column":4},"end":{"line":266,"column":71}},"111":{"start":{"line":267,"column":4},"end":{"line":267,"column":44}},"112":{"start":{"line":273,"column":4},"end":{"line":276,"column":6}},"113":{"start":{"line":277,"column":4},"end":{"line":277,"column":58}},"114":{"start":{"line":278,"column":4},"end":{"line":278,"column":50}},"115":{"start":{"line":279,"column":4},"end":{"line":279,"column":107}},"116":{"start":{"line":280,"column":4},"end":{"line":280,"column":82}},"117":{"start":{"line":281,"column":4},"end":{"line":281,"column":20}},"118":{"start":{"line":285,"column":4},"end":{"line":288,"column":5}},"119":{"start":{"line":286,"column":5},"end":{"line":286,"column":101}},"120":{"start":{"line":287,"column":5},"end":{"line":287,"column":61}},"121":{"start":{"line":292,"column":4},"end":{"line":294,"column":6}},"122":{"start":{"line":297,"column":4},"end":{"line":297,"column":50}},"123":{"start":{"line":299,"column":4},"end":{"line":301,"column":5}},"124":{"start":{"line":300,"column":5},"end":{"line":300,"column":52}},"125":{"start":{"line":302,"column":4},"end":{"line":326,"column":5}},"126":{"start":{"line":304,"column":5},"end":{"line":304,"column":41}},"127":{"start":{"line":305,"column":5},"end":{"line":325,"column":6}},"128":{"start":{"line":306,"column":6},"end":{"line":311,"column":7}},"129":{"start":{"line":307,"column":7},"end":{"line":307,"column":41}},"130":{"start":{"line":308,"column":7},"end":{"line":308,"column":27}},"131":{"start":{"line":309,"column":7},"end":{"line":309,"column":34}},"132":{"start":{"line":310,"column":7},"end":{"line":310,"column":42}},"133":{"start":{"line":314,"column":6},"end":{"line":314,"column":23}},"134":{"start":{"line":315,"column":6},"end":{"line":315,"column":58}},"135":{"start":{"line":316,"column":6},"end":{"line":324,"column":7}},"136":{"start":{"line":317,"column":7},"end":{"line":317,"column":59}},"137":{"start":{"line":318,"column":7},"end":{"line":323,"column":8}},"138":{"start":{"line":319,"column":8},"end":{"line":319,"column":43}},"139":{"start":{"line":320,"column":8},"end":{"line":320,"column":29}},"140":{"start":{"line":321,"column":8},"end":{"line":321,"column":31}},"141":{"start":{"line":322,"column":8},"end":{"line":322,"column":44}},"142":{"start":{"line":328,"column":4},"end":{"line":328,"column":36}},"143":{"start":{"line":329,"column":4},"end":{"line":329,"column":42}},"144":{"start":{"line":334,"column":3},"end":{"line":334,"column":44}},"145":{"start":{"line":335,"column":3},"end":{"line":335,"column":42}},"146":{"start":{"line":337,"column":3},"end":{"line":337,"column":76}},"147":{"start":{"line":339,"column":3},"end":{"line":339,"column":61}},"148":{"start":{"line":340,"column":3},"end":{"line":340,"column":15}},"149":{"start":{"line":344,"column":3},"end":{"line":344,"column":43}},"150":{"start":{"line":345,"column":3},"end":{"line":345,"column":63}},"151":{"start":{"line":347,"column":3},"end":{"line":347,"column":43}},"152":{"start":{"line":348,"column":3},"end":{"line":348,"column":14}},"153":{"start":{"line":353,"column":9},"end":{"line":353,"column":41}},"154":{"start":{"line":357,"column":3},"end":{"line":359,"column":13}},"155":{"start":{"line":358,"column":13},"end":{"line":358,"column":20}},"156":{"start":{"line":361,"column":12},"end":{"line":364,"column":13}},"157":{"start":{"line":362,"column":16},"end":{"line":362,"column":47}},"158":{"start":{"line":363,"column":16},"end":{"line":363,"column":23}},"159":{"start":{"line":367,"column":12},"end":{"line":368,"column":42}},"160":{"start":{"line":371,"column":12},"end":{"line":376,"column":13}},"161":{"start":{"line":372,"column":16},"end":{"line":372,"column":45}},"162":{"start":{"line":375,"column":16},"end":{"line":375,"column":45}},"163":{"start":{"line":379,"column":12},"end":{"line":382,"column":13}},"164":{"start":{"line":380,"column":16},"end":{"line":380,"column":66}},"165":{"start":{"line":381,"column":16},"end":{"line":381,"column":35}},"166":{"start":{"line":383,"column":12},"end":{"line":386,"column":13}},"167":{"start":{"line":384,"column":16},"end":{"line":384,"column":47}},"168":{"start":{"line":385,"column":16},"end":{"line":385,"column":36}},"169":{"start":{"line":389,"column":9},"end":{"line":389,"column":74}},"170":{"start":{"line":391,"column":9},"end":{"line":391,"column":92}},"171":{"start":{"line":392,"column":9},"end":{"line":394,"column":10}},"172":{"start":{"line":393,"column":10},"end":{"line":393,"column":61}},"173":{"start":{"line":395,"column":9},"end":{"line":395,"column":56}},"174":{"start":{"line":397,"column":3},"end":{"line":397,"column":56}},"175":{"start":{"line":400,"column":12},"end":{"line":407,"column":14}},"176":{"start":{"line":408,"column":12},"end":{"line":419,"column":13}},"177":{"start":{"line":409,"column":16},"end":{"line":409,"column":58}},"178":{"start":{"line":411,"column":17},"end":{"line":419,"column":13}},"179":{"start":{"line":412,"column":16},"end":{"line":412,"column":60}},"180":{"start":{"line":414,"column":17},"end":{"line":419,"column":13}},"181":{"start":{"line":415,"column":16},"end":{"line":415,"column":117}},"182":{"start":{"line":417,"column":17},"end":{"line":419,"column":13}},"183":{"start":{"line":418,"column":16},"end":{"line":418,"column":117}},"184":{"start":{"line":423,"column":3},"end":{"line":424,"column":37}},"185":{"start":{"line":426,"column":12},"end":{"line":429,"column":13}},"186":{"start":{"line":427,"column":16},"end":{"line":427,"column":103}},"187":{"start":{"line":428,"column":16},"end":{"line":428,"column":111}},"188":{"start":{"line":431,"column":12},"end":{"line":431,"column":25}},"189":{"start":{"line":435,"column":3},"end":{"line":435,"column":73}},"190":{"start":{"line":438,"column":3},"end":{"line":444,"column":4}},"191":{"start":{"line":439,"column":4},"end":{"line":439,"column":58}},"192":{"start":{"line":440,"column":10},"end":{"line":444,"column":4}},"193":{"start":{"line":442,"column":4},"end":{"line":442,"column":63}},"194":{"start":{"line":443,"column":4},"end":{"line":443,"column":102}},"195":{"start":{"line":449,"column":3},"end":{"line":449,"column":60}},"196":{"start":{"line":452,"column":3},"end":{"line":452,"column":52}},"197":{"start":{"line":455,"column":3},"end":{"line":463,"column":4}},"198":{"start":{"line":457,"column":4},"end":{"line":457,"column":96}},"199":{"start":{"line":458,"column":4},"end":{"line":458,"column":40}},"200":{"start":{"line":459,"column":4},"end":{"line":459,"column":38}},"201":{"start":{"line":462,"column":4},"end":{"line":462,"column":49}},"202":{"start":{"line":467,"column":1},"end":{"line":611,"column":3}},"203":{"start":{"line":471,"column":3},"end":{"line":471,"column":33}},"204":{"start":{"line":474,"column":3},"end":{"line":474,"column":28}},"205":{"start":{"line":477,"column":3},"end":{"line":477,"column":29}},"206":{"start":{"line":479,"column":3},"end":{"line":513,"column":4}},"207":{"start":{"line":481,"column":4},"end":{"line":481,"column":60}},"208":{"start":{"line":484,"column":4},"end":{"line":484,"column":127}},"209":{"start":{"line":487,"column":4},"end":{"line":487,"column":24}},"210":{"start":{"line":490,"column":4},"end":{"line":503,"column":5}},"211":{"start":{"line":491,"column":5},"end":{"line":491,"column":32}},"212":{"start":{"line":493,"column":5},"end":{"line":502,"column":6}},"213":{"start":{"line":494,"column":6},"end":{"line":501,"column":7}},"214":{"start":{"line":496,"column":7},"end":{"line":496,"column":66}},"215":{"start":{"line":497,"column":7},"end":{"line":497,"column":57}},"216":{"start":{"line":500,"column":7},"end":{"line":500,"column":80}},"217":{"start":{"line":506,"column":4},"end":{"line":506,"column":48}},"218":{"start":{"line":509,"column":4},"end":{"line":509,"column":44}},"219":{"start":{"line":512,"column":4},"end":{"line":512,"column":44}},"220":{"start":{"line":516,"column":3},"end":{"line":519,"column":4}},"221":{"start":{"line":517,"column":4},"end":{"line":517,"column":76}},"222":{"start":{"line":518,"column":4},"end":{"line":518,"column":49}},"223":{"start":{"line":523,"column":3},"end":{"line":523,"column":49}},"224":{"start":{"line":524,"column":3},"end":{"line":524,"column":48}},"225":{"start":{"line":526,"column":3},"end":{"line":530,"column":4}},"226":{"start":{"line":527,"column":4},"end":{"line":527,"column":80}},"227":{"start":{"line":528,"column":4},"end":{"line":528,"column":62}},"228":{"start":{"line":529,"column":4},"end":{"line":529,"column":35}},"229":{"start":{"line":532,"column":3},"end":{"line":532,"column":81}},"230":{"start":{"line":533,"column":3},"end":{"line":533,"column":20}},"231":{"start":{"line":539,"column":4},"end":{"line":539,"column":45}},"232":{"start":{"line":540,"column":4},"end":{"line":540,"column":32}},"233":{"start":{"line":541,"column":4},"end":{"line":541,"column":44}},"234":{"start":{"line":544,"column":4},"end":{"line":544,"column":48}},"235":{"start":{"line":545,"column":4},"end":{"line":545,"column":26}},"236":{"start":{"line":546,"column":4},"end":{"line":546,"column":27}},"237":{"start":{"line":549,"column":4},"end":{"line":549,"column":48}},"238":{"start":{"line":550,"column":4},"end":{"line":550,"column":39}},"239":{"start":{"line":551,"column":4},"end":{"line":551,"column":36}},"240":{"start":{"line":552,"column":4},"end":{"line":552,"column":39}},"241":{"start":{"line":553,"column":4},"end":{"line":553,"column":27}},"242":{"start":{"line":554,"column":4},"end":{"line":554,"column":15}},"243":{"start":{"line":558,"column":4},"end":{"line":558,"column":44}},"244":{"start":{"line":559,"column":4},"end":{"line":559,"column":32}},"245":{"start":{"line":560,"column":4},"end":{"line":560,"column":26}},"246":{"start":{"line":561,"column":4},"end":{"line":561,"column":15}},"247":{"start":{"line":566,"column":3},"end":{"line":566,"column":42}},"248":{"start":{"line":567,"column":3},"end":{"line":567,"column":34}},"249":{"start":{"line":568,"column":3},"end":{"line":568,"column":43}},"250":{"start":{"line":569,"column":3},"end":{"line":569,"column":45}},"251":{"start":{"line":571,"column":3},"end":{"line":571,"column":54}},"252":{"start":{"line":573,"column":3},"end":{"line":573,"column":71}},"253":{"start":{"line":577,"column":3},"end":{"line":577,"column":42}},"254":{"start":{"line":578,"column":3},"end":{"line":578,"column":34}},"255":{"start":{"line":579,"column":3},"end":{"line":579,"column":43}},"256":{"start":{"line":580,"column":3},"end":{"line":580,"column":45}},"257":{"start":{"line":582,"column":3},"end":{"line":582,"column":54}},"258":{"start":{"line":584,"column":3},"end":{"line":584,"column":50}},"259":{"start":{"line":587,"column":3},"end":{"line":589,"column":4}},"260":{"start":{"line":588,"column":4},"end":{"line":588,"column":27}},"261":{"start":{"line":592,"column":3},"end":{"line":592,"column":96}},"262":{"start":{"line":595,"column":3},"end":{"line":595,"column":63}},"263":{"start":{"line":598,"column":3},"end":{"line":598,"column":100}},"264":{"start":{"line":599,"column":3},"end":{"line":601,"column":4}},"265":{"start":{"line":600,"column":5},"end":{"line":600,"column":53}},"266":{"start":{"line":605,"column":3},"end":{"line":609,"column":4}},"267":{"start":{"line":606,"column":4},"end":{"line":608,"column":5}},"268":{"start":{"line":607,"column":5},"end":{"line":607,"column":65}},"269":{"start":{"line":614,"column":1},"end":{"line":624,"column":3}},"270":{"start":{"line":615,"column":2},"end":{"line":615,"column":28}},"271":{"start":{"line":616,"column":2},"end":{"line":616,"column":51}},"272":{"start":{"line":617,"column":2},"end":{"line":623,"column":3}},"273":{"start":{"line":618,"column":3},"end":{"line":622,"column":4}},"274":{"start":{"line":619,"column":4},"end":{"line":619,"column":43}},"275":{"start":{"line":621,"column":4},"end":{"line":621,"column":40}},"276":{"start":{"line":626,"column":1},"end":{"line":648,"column":3}},"277":{"start":{"line":629,"column":6},"end":{"line":629,"column":59}},"278":{"start":{"line":630,"column":6},"end":{"line":630,"column":47}},"279":{"start":{"line":631,"column":6},"end":{"line":631,"column":54}},"280":{"start":{"line":634,"column":3},"end":{"line":634,"column":47}},"281":{"start":{"line":635,"column":3},"end":{"line":635,"column":36}},"282":{"start":{"line":636,"column":3},"end":{"line":636,"column":41}},"283":{"start":{"line":639,"column":3},"end":{"line":639,"column":88}},"284":{"start":{"line":643,"column":3},"end":{"line":643,"column":75}},"285":{"start":{"line":644,"column":3},"end":{"line":646,"column":4}},"286":{"start":{"line":645,"column":4},"end":{"line":645,"column":51}},"287":{"start":{"line":651,"column":1},"end":{"line":669,"column":3}},"288":{"start":{"line":652,"column":2},"end":{"line":654,"column":3}},"289":{"start":{"line":653,"column":3},"end":{"line":653,"column":26}},"290":{"start":{"line":656,"column":2},"end":{"line":656,"column":26}},"291":{"start":{"line":658,"column":2},"end":{"line":658,"column":39}},"292":{"start":{"line":660,"column":2},"end":{"line":660,"column":25}},"293":{"start":{"line":662,"column":2},"end":{"line":662,"column":55}},"294":{"start":{"line":664,"column":2},"end":{"line":664,"column":25}},"295":{"start":{"line":666,"column":2},"end":{"line":666,"column":71}},"296":{"start":{"line":668,"column":2},"end":{"line":668,"column":40}},"297":{"start":{"line":672,"column":1},"end":{"line":685,"column":3}},"298":{"start":{"line":673,"column":2},"end":{"line":673,"column":27}},"299":{"start":{"line":676,"column":2},"end":{"line":676,"column":48}},"300":{"start":{"line":677,"column":2},"end":{"line":677,"column":30}},"301":{"start":{"line":678,"column":2},"end":{"line":678,"column":77}},"302":{"start":{"line":679,"column":2},"end":{"line":684,"column":5}},"303":{"start":{"line":681,"column":3},"end":{"line":681,"column":47}},"304":{"start":{"line":683,"column":3},"end":{"line":683,"column":49}},"305":{"start":{"line":688,"column":1},"end":{"line":728,"column":3}},"306":{"start":{"line":691,"column":3},"end":{"line":691,"column":58}},"307":{"start":{"line":692,"column":3},"end":{"line":692,"column":58}},"308":{"start":{"line":693,"column":3},"end":{"line":693,"column":50}},"309":{"start":{"line":694,"column":3},"end":{"line":694,"column":82}},"310":{"start":{"line":696,"column":3},"end":{"line":712,"column":5}},"311":{"start":{"line":697,"column":5},"end":{"line":711,"column":6}},"312":{"start":{"line":699,"column":7},"end":{"line":699,"column":75}},"313":{"start":{"line":700,"column":7},"end":{"line":700,"column":22}},"314":{"start":{"line":703,"column":4},"end":{"line":703,"column":34}},"315":{"start":{"line":706,"column":4},"end":{"line":710,"column":5}},"316":{"start":{"line":707,"column":5},"end":{"line":707,"column":29}},"317":{"start":{"line":709,"column":5},"end":{"line":709,"column":177}},"318":{"start":{"line":714,"column":3},"end":{"line":718,"column":5}},"319":{"start":{"line":717,"column":4},"end":{"line":717,"column":34}},"320":{"start":{"line":720,"column":3},"end":{"line":724,"column":5}},"321":{"start":{"line":723,"column":4},"end":{"line":723,"column":34}},"322":{"start":{"line":726,"column":3},"end":{"line":726,"column":42}},"323":{"start":{"line":731,"column":1},"end":{"line":731,"column":17}},"324":{"start":{"line":734,"column":1},"end":{"line":734,"column":17}}},"branchMap":{"1":{"line":4,"type":"binary-expr","locations":[{"start":{"line":4,"column":16},"end":{"line":4,"column":23}},{"start":{"line":4,"column":27},"end":{"line":4,"column":29}}]},"2":{"line":14,"type":"binary-expr","locations":[{"start":{"line":14,"column":28},"end":{"line":14,"column":52}},{"start":{"line":14,"column":56},"end":{"line":14,"column":106}}]},"3":{"line":15,"type":"binary-expr","locations":[{"start":{"line":15,"column":28},"end":{"line":15,"column":52}},{"start":{"line":15,"column":56},"end":{"line":15,"column":100}}]},"4":{"line":16,"type":"binary-expr","locations":[{"start":{"line":16,"column":28},"end":{"line":16,"column":52}},{"start":{"line":16,"column":56},"end":{"line":16,"column":100}}]},"5":{"line":17,"type":"binary-expr","locations":[{"start":{"line":17,"column":29},"end":{"line":17,"column":54}},{"start":{"line":17,"column":58},"end":{"line":17,"column":103}}]},"6":{"line":26,"type":"if","locations":[{"start":{"line":26,"column":2},"end":{"line":26,"column":2}},{"start":{"line":26,"column":2},"end":{"line":26,"column":2}}]},"7":{"line":36,"type":"if","locations":[{"start":{"line":36,"column":2},"end":{"line":36,"column":2}},{"start":{"line":36,"column":2},"end":{"line":36,"column":2}}]},"8":{"line":55,"type":"binary-expr","locations":[{"start":{"line":55,"column":10},"end":{"line":55,"column":15}},{"start":{"line":55,"column":19},"end":{"line":55,"column":31}}]},"9":{"line":56,"type":"binary-expr","locations":[{"start":{"line":56,"column":12},"end":{"line":56,"column":19}},{"start":{"line":56,"column":23},"end":{"line":56,"column":32}}]},"10":{"line":57,"type":"if","locations":[{"start":{"line":57,"column":8},"end":{"line":57,"column":8}},{"start":{"line":57,"column":8},"end":{"line":57,"column":8}}]},"11":{"line":57,"type":"binary-expr","locations":[{"start":{"line":57,"column":12},"end":{"line":57,"column":20}},{"start":{"line":57,"column":30},"end":{"line":57,"column":38}},{"start":{"line":57,"column":50},"end":{"line":57,"column":58}}]},"12":{"line":66,"type":"if","locations":[{"start":{"line":66,"column":2},"end":{"line":66,"column":2}},{"start":{"line":66,"column":2},"end":{"line":66,"column":2}}]},"13":{"line":68,"type":"if","locations":[{"start":{"line":68,"column":3},"end":{"line":68,"column":3}},{"start":{"line":68,"column":3},"end":{"line":68,"column":3}}]},"14":{"line":73,"type":"if","locations":[{"start":{"line":73,"column":3},"end":{"line":73,"column":3}},{"start":{"line":73,"column":3},"end":{"line":73,"column":3}}]},"15":{"line":97,"type":"if","locations":[{"start":{"line":97,"column":9},"end":{"line":97,"column":9}},{"start":{"line":97,"column":9},"end":{"line":97,"column":9}}]},"16":{"line":107,"type":"if","locations":[{"start":{"line":107,"column":2},"end":{"line":107,"column":2}},{"start":{"line":107,"column":2},"end":{"line":107,"column":2}}]},"17":{"line":115,"type":"binary-expr","locations":[{"start":{"line":115,"column":10},"end":{"line":115,"column":26}},{"start":{"line":117,"column":4},"end":{"line":117,"column":37}},{"start":{"line":119,"column":4},"end":{"line":119,"column":58}},{"start":{"line":121,"column":4},"end":{"line":121,"column":37}}]},"18":{"line":141,"type":"if","locations":[{"start":{"line":141,"column":2},"end":{"line":141,"column":2}},{"start":{"line":141,"column":2},"end":{"line":141,"column":2}}]},"19":{"line":162,"type":"if","locations":[{"start":{"line":162,"column":3},"end":{"line":162,"column":3}},{"start":{"line":162,"column":3},"end":{"line":162,"column":3}}]},"20":{"line":162,"type":"binary-expr","locations":[{"start":{"line":162,"column":6},"end":{"line":162,"column":14}},{"start":{"line":162,"column":18},"end":{"line":162,"column":38}}]},"21":{"line":165,"type":"switch","locations":[{"start":{"line":166,"column":5},"end":{"line":166,"column":21}},{"start":{"line":167,"column":5},"end":{"line":184,"column":12}},{"start":{"line":185,"column":5},"end":{"line":185,"column":28}},{"start":{"line":186,"column":5},"end":{"line":186,"column":26}},{"start":{"line":187,"column":5},"end":{"line":206,"column":12}}]},"22":{"line":173,"type":"if","locations":[{"start":{"line":173,"column":6},"end":{"line":173,"column":6}},{"start":{"line":173,"column":6},"end":{"line":173,"column":6}}]},"23":{"line":173,"type":"binary-expr","locations":[{"start":{"line":173,"column":9},"end":{"line":173,"column":24}},{"start":{"line":173,"column":28},"end":{"line":173,"column":54}}]},"24":{"line":194,"type":"if","locations":[{"start":{"line":194,"column":6},"end":{"line":194,"column":6}},{"start":{"line":194,"column":6},"end":{"line":194,"column":6}}]},"25":{"line":194,"type":"binary-expr","locations":[{"start":{"line":194,"column":9},"end":{"line":194,"column":25}},{"start":{"line":194,"column":29},"end":{"line":194,"column":56}}]},"26":{"line":226,"type":"binary-expr","locations":[{"start":{"line":226,"column":33},"end":{"line":226,"column":60}},{"start":{"line":226,"column":64},"end":{"line":226,"column":94}}]},"27":{"line":238,"type":"binary-expr","locations":[{"start":{"line":238,"column":49},"end":{"line":238,"column":92}},{"start":{"line":238,"column":96},"end":{"line":238,"column":140}}]},"28":{"line":240,"type":"if","locations":[{"start":{"line":240,"column":3},"end":{"line":240,"column":3}},{"start":{"line":240,"column":3},"end":{"line":240,"column":3}}]},"29":{"line":265,"type":"if","locations":[{"start":{"line":265,"column":3},"end":{"line":265,"column":3}},{"start":{"line":265,"column":3},"end":{"line":265,"column":3}}]},"30":{"line":285,"type":"if","locations":[{"start":{"line":285,"column":4},"end":{"line":285,"column":4}},{"start":{"line":285,"column":4},"end":{"line":285,"column":4}}]},"31":{"line":299,"type":"if","locations":[{"start":{"line":299,"column":4},"end":{"line":299,"column":4}},{"start":{"line":299,"column":4},"end":{"line":299,"column":4}}]},"32":{"line":302,"type":"if","locations":[{"start":{"line":302,"column":4},"end":{"line":302,"column":4}},{"start":{"line":302,"column":4},"end":{"line":302,"column":4}}]},"33":{"line":305,"type":"if","locations":[{"start":{"line":305,"column":5},"end":{"line":305,"column":5}},{"start":{"line":305,"column":5},"end":{"line":305,"column":5}}]},"34":{"line":316,"type":"if","locations":[{"start":{"line":316,"column":6},"end":{"line":316,"column":6}},{"start":{"line":316,"column":6},"end":{"line":316,"column":6}}]},"35":{"line":357,"type":"if","locations":[{"start":{"line":357,"column":3},"end":{"line":357,"column":3}},{"start":{"line":357,"column":3},"end":{"line":357,"column":3}}]},"36":{"line":361,"type":"if","locations":[{"start":{"line":361,"column":12},"end":{"line":361,"column":12}},{"start":{"line":361,"column":12},"end":{"line":361,"column":12}}]},"37":{"line":371,"type":"if","locations":[{"start":{"line":371,"column":12},"end":{"line":371,"column":12}},{"start":{"line":371,"column":12},"end":{"line":371,"column":12}}]},"38":{"line":379,"type":"if","locations":[{"start":{"line":379,"column":12},"end":{"line":379,"column":12}},{"start":{"line":379,"column":12},"end":{"line":379,"column":12}}]},"39":{"line":383,"type":"if","locations":[{"start":{"line":383,"column":12},"end":{"line":383,"column":12}},{"start":{"line":383,"column":12},"end":{"line":383,"column":12}}]},"40":{"line":392,"type":"if","locations":[{"start":{"line":392,"column":9},"end":{"line":392,"column":9}},{"start":{"line":392,"column":9},"end":{"line":392,"column":9}}]},"41":{"line":408,"type":"if","locations":[{"start":{"line":408,"column":12},"end":{"line":408,"column":12}},{"start":{"line":408,"column":12},"end":{"line":408,"column":12}}]},"42":{"line":411,"type":"if","locations":[{"start":{"line":411,"column":17},"end":{"line":411,"column":17}},{"start":{"line":411,"column":17},"end":{"line":411,"column":17}}]},"43":{"line":414,"type":"if","locations":[{"start":{"line":414,"column":17},"end":{"line":414,"column":17}},{"start":{"line":414,"column":17},"end":{"line":414,"column":17}}]},"44":{"line":417,"type":"if","locations":[{"start":{"line":417,"column":17},"end":{"line":417,"column":17}},{"start":{"line":417,"column":17},"end":{"line":417,"column":17}}]},"45":{"line":423,"type":"binary-expr","locations":[{"start":{"line":423,"column":20},"end":{"line":423,"column":32}},{"start":{"line":423,"column":36},"end":{"line":423,"column":38}}]},"46":{"line":438,"type":"if","locations":[{"start":{"line":438,"column":3},"end":{"line":438,"column":3}},{"start":{"line":438,"column":3},"end":{"line":438,"column":3}}]},"47":{"line":440,"type":"if","locations":[{"start":{"line":440,"column":10},"end":{"line":440,"column":10}},{"start":{"line":440,"column":10},"end":{"line":440,"column":10}}]},"48":{"line":455,"type":"if","locations":[{"start":{"line":455,"column":3},"end":{"line":455,"column":3}},{"start":{"line":455,"column":3},"end":{"line":455,"column":3}}]},"49":{"line":455,"type":"binary-expr","locations":[{"start":{"line":455,"column":6},"end":{"line":455,"column":57}},{"start":{"line":455,"column":61},"end":{"line":455,"column":112}}]},"50":{"line":479,"type":"if","locations":[{"start":{"line":479,"column":3},"end":{"line":479,"column":3}},{"start":{"line":479,"column":3},"end":{"line":479,"column":3}}]},"51":{"line":484,"type":"binary-expr","locations":[{"start":{"line":484,"column":39},"end":{"line":484,"column":73}},{"start":{"line":484,"column":77},"end":{"line":484,"column":126}}]},"52":{"line":494,"type":"if","locations":[{"start":{"line":494,"column":6},"end":{"line":494,"column":6}},{"start":{"line":494,"column":6},"end":{"line":494,"column":6}}]},"53":{"line":516,"type":"if","locations":[{"start":{"line":516,"column":3},"end":{"line":516,"column":3}},{"start":{"line":516,"column":3},"end":{"line":516,"column":3}}]},"54":{"line":526,"type":"if","locations":[{"start":{"line":526,"column":3},"end":{"line":526,"column":3}},{"start":{"line":526,"column":3},"end":{"line":526,"column":3}}]},"55":{"line":587,"type":"if","locations":[{"start":{"line":587,"column":3},"end":{"line":587,"column":3}},{"start":{"line":587,"column":3},"end":{"line":587,"column":3}}]},"56":{"line":605,"type":"if","locations":[{"start":{"line":605,"column":3},"end":{"line":605,"column":3}},{"start":{"line":605,"column":3},"end":{"line":605,"column":3}}]},"57":{"line":615,"type":"binary-expr","locations":[{"start":{"line":615,"column":10},"end":{"line":615,"column":15}},{"start":{"line":615,"column":19},"end":{"line":615,"column":27}}]},"58":{"line":618,"type":"if","locations":[{"start":{"line":618,"column":3},"end":{"line":618,"column":3}},{"start":{"line":618,"column":3},"end":{"line":618,"column":3}}]},"59":{"line":644,"type":"if","locations":[{"start":{"line":644,"column":3},"end":{"line":644,"column":3}},{"start":{"line":644,"column":3},"end":{"line":644,"column":3}}]},"60":{"line":652,"type":"if","locations":[{"start":{"line":652,"column":2},"end":{"line":652,"column":2}},{"start":{"line":652,"column":2},"end":{"line":652,"column":2}}]},"61":{"line":697,"type":"if","locations":[{"start":{"line":697,"column":5},"end":{"line":697,"column":5}},{"start":{"line":697,"column":5},"end":{"line":697,"column":5}}]},"62":{"line":697,"type":"binary-expr","locations":[{"start":{"line":697,"column":9},"end":{"line":697,"column":54}},{"start":{"line":697,"column":58},"end":{"line":697,"column":102}}]},"63":{"line":706,"type":"if","locations":[{"start":{"line":706,"column":4},"end":{"line":706,"column":4}},{"start":{"line":706,"column":4},"end":{"line":706,"column":4}}]}}}}