{"src\\js\\_scaffolding.js":{"path":"src\\js\\_scaffolding.js","s":{"1":1},"b":{"1":[1,1]},"f":{},"fnMap":{},"statementMap":{"1":{"start":{"line":2,"column":0},"end":{"line":2,"column":88}}},"branchMap":{"1":{"line":2,"type":"binary-expr","locations":[{"start":{"line":2,"column":55},"end":{"line":2,"column":81}},{"start":{"line":2,"column":85},"end":{"line":2,"column":87}}]}}},"src\\js\\_defaults.js":{"path":"src\\js\\_defaults.js","s":{"1":1},"b":{},"f":{},"fnMap":{},"statementMap":{"1":{"start":{"line":2,"column":0},"end":{"line":8,"column":2}}},"branchMap":{}},"src\\js\\_event-factory.js":{"path":"src\\js\\_event-factory.js","s":{"1":1,"2":0,"3":0,"4":0,"5":0,"6":0,"7":0,"8":0,"9":0,"10":0,"11":0,"12":0,"13":0,"14":0},"b":{"1":[0,0],"2":[0,0]},"f":{"1":0,"2":0,"3":0},"fnMap":{"1":{"name":"(anonymous_1)","line":2,"loc":{"start":{"line":2,"column":35},"end":{"line":2,"column":45}}},"2":{"name":"(anonymous_2)","line":10,"loc":{"start":{"line":10,"column":13},"end":{"line":10,"column":38}}},"3":{"name":"(anonymous_3)","line":18,"loc":{"start":{"line":18,"column":18},"end":{"line":18,"column":41}}}},"statementMap":{"1":{"start":{"line":2,"column":0},"end":{"line":39,"column":2}},"2":{"start":{"line":4,"column":1},"end":{"line":4,"column":17}},"3":{"start":{"line":7,"column":1},"end":{"line":7,"column":24}},"4":{"start":{"line":10,"column":1},"end":{"line":15,"column":6}},"5":{"start":{"line":12,"column":8},"end":{"line":12,"column":66}},"6":{"start":{"line":14,"column":8},"end":{"line":14,"column":46}},"7":{"start":{"line":18,"column":1},"end":{"line":35,"column":6}},"8":{"start":{"line":20,"column":8},"end":{"line":34,"column":9}},"9":{"start":{"line":22,"column":12},"end":{"line":33,"column":13}},"10":{"start":{"line":24,"column":16},"end":{"line":24,"column":34}},"11":{"start":{"line":27,"column":16},"end":{"line":29,"column":17}},"12":{"start":{"line":28,"column":20},"end":{"line":28,"column":44}},"13":{"start":{"line":32,"column":16},"end":{"line":32,"column":75}},"14":{"start":{"line":38,"column":4},"end":{"line":38,"column":18}}},"branchMap":{"1":{"line":12,"type":"binary-expr","locations":[{"start":{"line":12,"column":35},"end":{"line":12,"column":59}},{"start":{"line":12,"column":63},"end":{"line":12,"column":65}}]},"2":{"line":20,"type":"if","locations":[{"start":{"line":20,"column":8},"end":{"line":20,"column":8}},{"start":{"line":20,"column":8},"end":{"line":20,"column":8}}]}}},"src\\js\\_ua.js":{"path":"src\\js\\_ua.js","s":{"1":1,"2":0,"3":0,"4":0,"5":0,"6":0,"7":0,"8":0,"9":0,"10":0,"11":0},"b":{"1":[0,0],"2":[0,0]},"f":{"1":0,"2":0},"fnMap":{"1":{"name":"(anonymous_1)","line":4,"loc":{"start":{"line":4,"column":14},"end":{"line":4,"column":28}}},"2":{"name":"(anonymous_2)","line":19,"loc":{"start":{"line":19,"column":14},"end":{"line":19,"column":24}}}},"statementMap":{"1":{"start":{"line":2,"column":0},"end":{"line":26,"column":2}},"2":{"start":{"line":6,"column":12},"end":{"line":6,"column":62}},"3":{"start":{"line":9,"column":12},"end":{"line":14,"column":13}},"4":{"start":{"line":10,"column":16},"end":{"line":10,"column":82}},"5":{"start":{"line":11,"column":16},"end":{"line":11,"column":55}},"6":{"start":{"line":12,"column":16},"end":{"line":12,"column":50}},"7":{"start":{"line":13,"column":16},"end":{"line":13,"column":97}},"8":{"start":{"line":17,"column":12},"end":{"line":17,"column":36}},"9":{"start":{"line":20,"column":12},"end":{"line":20,"column":62}},"10":{"start":{"line":21,"column":12},"end":{"line":23,"column":13}},"11":{"start":{"line":22,"column":16},"end":{"line":22,"column":54}}},"branchMap":{"1":{"line":9,"type":"if","locations":[{"start":{"line":9,"column":12},"end":{"line":9,"column":12}},{"start":{"line":9,"column":12},"end":{"line":9,"column":12}}]},"2":{"line":21,"type":"if","locations":[{"start":{"line":21,"column":12},"end":{"line":21,"column":12}},{"start":{"line":21,"column":12},"end":{"line":21,"column":12}}]}}},"src\\js\\_urls.js":{"path":"src\\js\\_urls.js","s":{"1":1,"2":0,"3":0,"4":0,"5":0,"6":0,"7":0,"8":0,"9":0,"10":0,"11":0},"b":{"1":[0,0],"2":[0,0],"3":[0,0],"4":[0,0]},"f":{"1":0,"2":0,"3":0,"4":0},"fnMap":{"1":{"name":"(anonymous_1)","line":8,"loc":{"start":{"line":8,"column":11},"end":{"line":8,"column":51}}},"2":{"name":"(anonymous_2)","line":17,"loc":{"start":{"line":17,"column":17},"end":{"line":17,"column":47}}},"3":{"name":"(anonymous_3)","line":23,"loc":{"start":{"line":23,"column":11},"end":{"line":23,"column":29}}},"4":{"name":"(anonymous_4)","line":26,"loc":{"start":{"line":26,"column":15},"end":{"line":26,"column":30}}}},"statementMap":{"1":{"start":{"line":2,"column":0},"end":{"line":32,"column":2}},"2":{"start":{"line":9,"column":4},"end":{"line":9,"column":60}},"3":{"start":{"line":10,"column":4},"end":{"line":10,"column":66}},"4":{"start":{"line":11,"column":4},"end":{"line":11,"column":53}},"5":{"start":{"line":12,"column":4},"end":{"line":12,"column":70}},"6":{"start":{"line":14,"column":4},"end":{"line":14,"column":15}},"7":{"start":{"line":18,"column":4},"end":{"line":18,"column":120}},"8":{"start":{"line":24,"column":2},"end":{"line":24,"column":66}},"9":{"start":{"line":27,"column":5},"end":{"line":27,"column":63}},"10":{"start":{"line":28,"column":5},"end":{"line":29,"column":47}},"11":{"start":{"line":30,"column":5},"end":{"line":30,"column":87}}},"branchMap":{"1":{"line":9,"type":"binary-expr","locations":[{"start":{"line":9,"column":14},"end":{"line":9,"column":22}},{"start":{"line":9,"column":26},"end":{"line":9,"column":59}}]},"2":{"line":10,"type":"binary-expr","locations":[{"start":{"line":10,"column":24},"end":{"line":10,"column":34}},{"start":{"line":10,"column":38},"end":{"line":10,"column":64}}]},"3":{"line":12,"type":"binary-expr","locations":[{"start":{"line":12,"column":23},"end":{"line":12,"column":39}},{"start":{"line":12,"column":43},"end":{"line":12,"column":68}}]},"4":{"line":30,"type":"cond-expr","locations":[{"start":{"line":30,"column":31},"end":{"line":30,"column":33}},{"start":{"line":30,"column":36},"end":{"line":30,"column":86}}]}}},"src\\js\\main-address.js":{"path":"src\\js\\main-address.js","s":{"1":1,"2":0,"3":0,"4":0,"5":0,"6":0,"7":0,"8":0,"9":0,"10":0,"11":0,"12":0,"13":0,"14":0,"15":0,"16":0,"17":0,"18":0,"19":0,"20":0,"21":0,"22":0,"23":0,"24":0,"25":0,"26":0,"27":0,"28":0,"29":0,"30":0,"31":0,"32":0,"33":0,"34":0,"35":0,"36":0,"37":0,"38":0,"39":0,"40":0,"41":0,"42":0,"43":0,"44":0,"45":0,"46":0,"47":0,"48":0,"49":0,"50":0,"51":0,"52":0,"53":0,"54":0,"55":0,"56":0,"57":0,"58":0,"59":0,"60":0,"61":0,"62":0,"63":0,"64":0,"65":0,"66":0,"67":0,"68":0,"69":0,"70":0,"71":0,"72":0,"73":0,"74":0,"75":0,"76":0,"77":0,"78":0,"79":0,"80":0,"81":0,"82":0,"83":0,"84":0,"85":0,"86":0,"87":0,"88":0,"89":0,"90":0,"91":0,"92":0,"93":0,"94":0,"95":0,"96":0,"97":0,"98":0,"99":0,"100":0,"101":0,"102":0,"103":0,"104":0,"105":0,"106":0,"107":0,"108":0,"109":0,"110":0,"111":0,"112":0,"113":0,"114":0,"115":0,"116":0,"117":0,"118":0,"119":0,"120":0,"121":0,"122":0,"123":0,"124":0,"125":0,"126":0,"127":0,"128":0,"129":0,"130":0,"131":0,"132":0,"133":0,"134":0,"135":0,"136":0,"137":0,"138":0,"139":0,"140":0,"141":0,"142":0,"143":0,"144":0,"145":0,"146":0,"147":0,"148":0,"149":0,"150":0,"151":0,"152":0,"153":0,"154":0,"155":0,"156":0,"157":0,"158":0,"159":0,"160":0,"161":0,"162":0,"163":0,"164":0,"165":0,"166":0,"167":0,"168":0,"169":0,"170":0,"171":0,"172":0,"173":0,"174":0,"175":0,"176":0,"177":0,"178":0,"179":0,"180":0,"181":0,"182":0,"183":0,"184":0,"185":0,"186":0,"187":0,"188":0,"189":0,"190":0,"191":0,"192":0,"193":0,"194":0,"195":0,"196":0,"197":0,"198":0,"199":0,"200":0,"201":0,"202":0,"203":0,"204":0,"205":0,"206":0,"207":0,"208":0,"209":0,"210":0,"211":0,"212":0,"213":0,"214":0,"215":0,"216":0,"217":0,"218":0,"219":0,"220":0,"221":0,"222":0,"223":0,"224":0,"225":0,"226":0,"227":0,"228":0,"229":0,"230":0,"231":0,"232":0,"233":0,"234":0,"235":0,"236":0,"237":0,"238":0,"239":0,"240":0,"241":0,"242":0,"243":0,"244":0,"245":0,"246":0,"247":0,"248":0,"249":0,"250":0,"251":0,"252":0,"253":0,"254":0,"255":0,"256":0,"257":0,"258":0,"259":0,"260":0,"261":0,"262":0,"263":0,"264":0,"265":0,"266":0,"267":0,"268":0,"269":0,"270":0,"271":0,"272":0,"273":0,"274":0,"275":0,"276":0,"277":0,"278":0,"279":0,"280":0,"281":0,"282":0,"283":0,"284":0,"285":0,"286":0,"287":0,"288":0,"289":0,"290":0,"291":0,"292":0,"293":0,"294":0,"295":0,"296":0,"297":0,"298":0,"299":0,"300":0,"301":0,"302":0,"303":0,"304":0,"305":0,"306":0,"307":0,"308":0,"309":0,"310":0,"311":0,"312":0,"313":0,"314":0,"315":0,"316":0,"317":0,"318":0,"319":0,"320":0,"321":0,"322":0},"b":{"1":[0,0],"2":[0,0],"3":[0,0],"4":[0,0],"5":[0,0],"6":[0,0],"7":[0,0],"8":[0,0],"9":[0,0],"10":[0,0],"11":[0,0,0],"12":[0,0],"13":[0,0],"14":[0,0],"15":[0,0],"16":[0,0],"17":[0,0,0,0],"18":[0,0],"19":[0,0],"20":[0,0,0,0,0],"21":[0,0],"22":[0,0],"23":[0,0],"24":[0,0],"25":[0,0],"26":[0,0],"27":[0,0],"28":[0,0],"29":[0,0],"30":[0,0],"31":[0,0],"32":[0,0],"33":[0,0],"34":[0,0],"35":[0,0],"36":[0,0],"37":[0,0],"38":[0,0],"39":[0,0],"40":[0,0],"41":[0,0],"42":[0,0],"43":[0,0],"44":[0,0],"45":[0,0],"46":[0,0],"47":[0,0],"48":[0,0],"49":[0,0],"50":[0,0],"51":[0,0],"52":[0,0],"53":[0,0],"54":[0,0],"55":[0,0],"56":[0,0],"57":[0,0],"58":[0,0],"59":[0,0],"60":[0,0],"61":[0,0],"62":[0,0]},"f":{"1":0,"2":0,"3":0,"4":0,"5":0,"6":0,"7":0,"8":0,"9":0,"10":0,"11":0,"12":0,"13":0,"14":0,"15":0,"16":0,"17":0,"18":0,"19":0,"20":0,"21":0,"22":0,"23":0,"24":0,"25":0,"26":0,"27":0,"28":0,"29":0,"30":0,"31":0,"32":0,"33":0,"34":0,"35":0,"36":0,"37":0,"38":0,"39":0,"40":0,"41":0,"42":0,"43":0},"fnMap":{"1":{"name":"(anonymous_1)","line":2,"loc":{"start":{"line":2,"column":30},"end":{"line":2,"column":47}}},"2":{"name":"(anonymous_2)","line":23,"loc":{"start":{"line":23,"column":17},"end":{"line":23,"column":27}}},"3":{"name":"(anonymous_3)","line":45,"loc":{"start":{"line":45,"column":56},"end":{"line":45,"column":71}}},"4":{"name":"(anonymous_4)","line":53,"loc":{"start":{"line":53,"column":19},"end":{"line":53,"column":34}}},"5":{"name":"(anonymous_5)","line":103,"loc":{"start":{"line":103,"column":27},"end":{"line":103,"column":37}}},"6":{"name":"(anonymous_6)","line":113,"loc":{"start":{"line":113,"column":22},"end":{"line":113,"column":32}}},"7":{"name":"(anonymous_7)","line":124,"loc":{"start":{"line":124,"column":34},"end":{"line":124,"column":44}}},"8":{"name":"(anonymous_8)","line":130,"loc":{"start":{"line":130,"column":19},"end":{"line":130,"column":32}}},"9":{"name":"(anonymous_9)","line":145,"loc":{"start":{"line":145,"column":10},"end":{"line":145,"column":23}}},"10":{"name":"(anonymous_10)","line":153,"loc":{"start":{"line":153,"column":10},"end":{"line":153,"column":28}}},"11":{"name":"(anonymous_11)","line":213,"loc":{"start":{"line":213,"column":8},"end":{"line":213,"column":23}}},"12":{"name":"(anonymous_12)","line":240,"loc":{"start":{"line":240,"column":36},"end":{"line":240,"column":50}}},"13":{"name":"(anonymous_13)","line":254,"loc":{"start":{"line":254,"column":8},"end":{"line":254,"column":18}}},"14":{"name":"(anonymous_14)","line":267,"loc":{"start":{"line":267,"column":11},"end":{"line":267,"column":21}}},"15":{"name":"(anonymous_15)","line":279,"loc":{"start":{"line":279,"column":12},"end":{"line":279,"column":22}}},"16":{"name":"(anonymous_16)","line":286,"loc":{"start":{"line":286,"column":10},"end":{"line":286,"column":20}}},"17":{"name":"(anonymous_17)","line":328,"loc":{"start":{"line":328,"column":14},"end":{"line":328,"column":24}}},"18":{"name":"(anonymous_18)","line":338,"loc":{"start":{"line":338,"column":18},"end":{"line":338,"column":32}}},"19":{"name":"(anonymous_19)","line":347,"loc":{"start":{"line":347,"column":17},"end":{"line":347,"column":29}}},"20":{"name":"(anonymous_20)","line":351,"loc":{"start":{"line":351,"column":9},"end":{"line":351,"column":20}}},"21":{"name":"(anonymous_21)","line":417,"loc":{"start":{"line":417,"column":23},"end":{"line":417,"column":37}}},"22":{"name":"(anonymous_22)","line":429,"loc":{"start":{"line":429,"column":10},"end":{"line":429,"column":23}}},"23":{"name":"(anonymous_23)","line":432,"loc":{"start":{"line":432,"column":14},"end":{"line":432,"column":24}}},"24":{"name":"(anonymous_24)","line":442,"loc":{"start":{"line":442,"column":8},"end":{"line":442,"column":22}}},"25":{"name":"(anonymous_25)","line":464,"loc":{"start":{"line":464,"column":8},"end":{"line":464,"column":22}}},"26":{"name":"(anonymous_26)","line":510,"loc":{"start":{"line":510,"column":8},"end":{"line":510,"column":18}}},"27":{"name":"(anonymous_27)","line":517,"loc":{"start":{"line":517,"column":35},"end":{"line":517,"column":45}}},"28":{"name":"(anonymous_28)","line":532,"loc":{"start":{"line":532,"column":10},"end":{"line":532,"column":30}}},"29":{"name":"(anonymous_29)","line":552,"loc":{"start":{"line":552,"column":8},"end":{"line":552,"column":23}}},"30":{"name":"(anonymous_30)","line":560,"loc":{"start":{"line":560,"column":25},"end":{"line":560,"column":35}}},"31":{"name":"(anonymous_31)","line":571,"loc":{"start":{"line":571,"column":25},"end":{"line":571,"column":35}}},"32":{"name":"(anonymous_32)","line":581,"loc":{"start":{"line":581,"column":23},"end":{"line":581,"column":38}}},"33":{"name":"(anonymous_33)","line":599,"loc":{"start":{"line":599,"column":19},"end":{"line":599,"column":39}}},"34":{"name":"(anonymous_34)","line":609,"loc":{"start":{"line":609,"column":29},"end":{"line":609,"column":44}}},"35":{"name":"(anonymous_35)","line":622,"loc":{"start":{"line":622,"column":8},"end":{"line":622,"column":18}}},"36":{"name":"(anonymous_36)","line":637,"loc":{"start":{"line":637,"column":8},"end":{"line":637,"column":18}}},"37":{"name":"(anonymous_37)","line":646,"loc":{"start":{"line":646,"column":18},"end":{"line":646,"column":33}}},"38":{"name":"(anonymous_38)","line":667,"loc":{"start":{"line":667,"column":25},"end":{"line":667,"column":35}}},"39":{"name":"(anonymous_39)","line":674,"loc":{"start":{"line":674,"column":35},"end":{"line":674,"column":45}}},"40":{"name":"(anonymous_40)","line":685,"loc":{"start":{"line":685,"column":7},"end":{"line":685,"column":30}}},"41":{"name":"(anonymous_41)","line":691,"loc":{"start":{"line":691,"column":44},"end":{"line":691,"column":55}}},"42":{"name":"(anonymous_42)","line":709,"loc":{"start":{"line":709,"column":45},"end":{"line":709,"column":56}}},"43":{"name":"(anonymous_43)","line":715,"loc":{"start":{"line":715,"column":47},"end":{"line":715,"column":58}}}},"statementMap":{"1":{"start":{"line":2,"column":0},"end":{"line":730,"column":2}},"2":{"start":{"line":4,"column":1},"end":{"line":4,"column":30}},"3":{"start":{"line":7,"column":1},"end":{"line":7,"column":25}},"4":{"start":{"line":8,"column":1},"end":{"line":8,"column":30}},"5":{"start":{"line":9,"column":1},"end":{"line":9,"column":33}},"6":{"start":{"line":10,"column":1},"end":{"line":10,"column":31}},"7":{"start":{"line":11,"column":1},"end":{"line":11,"column":34}},"8":{"start":{"line":12,"column":1},"end":{"line":12,"column":32}},"9":{"start":{"line":13,"column":1},"end":{"line":13,"column":32}},"10":{"start":{"line":14,"column":1},"end":{"line":14,"column":107}},"11":{"start":{"line":15,"column":1},"end":{"line":15,"column":101}},"12":{"start":{"line":16,"column":1},"end":{"line":16,"column":101}},"13":{"start":{"line":17,"column":1},"end":{"line":17,"column":104}},"14":{"start":{"line":20,"column":1},"end":{"line":20,"column":58}},"15":{"start":{"line":23,"column":1},"end":{"line":51,"column":3}},"16":{"start":{"line":25,"column":2},"end":{"line":25,"column":46}},"17":{"start":{"line":26,"column":2},"end":{"line":32,"column":3}},"18":{"start":{"line":28,"column":3},"end":{"line":28,"column":28}},"19":{"start":{"line":30,"column":3},"end":{"line":30,"column":169}},"20":{"start":{"line":31,"column":3},"end":{"line":31,"column":10}},"21":{"start":{"line":34,"column":2},"end":{"line":34,"column":28}},"22":{"start":{"line":36,"column":2},"end":{"line":50,"column":3}},"23":{"start":{"line":37,"column":3},"end":{"line":37,"column":44}},"24":{"start":{"line":39,"column":3},"end":{"line":39,"column":61}},"25":{"start":{"line":41,"column":3},"end":{"line":41,"column":72}},"26":{"start":{"line":43,"column":3},"end":{"line":43,"column":65}},"27":{"start":{"line":45,"column":3},"end":{"line":47,"column":6}},"28":{"start":{"line":46,"column":7},"end":{"line":46,"column":30}},"29":{"start":{"line":49,"column":3},"end":{"line":49,"column":26}},"30":{"start":{"line":53,"column":1},"end":{"line":101,"column":3}},"31":{"start":{"line":55,"column":2},"end":{"line":55,"column":32}},"32":{"start":{"line":56,"column":8},"end":{"line":56,"column":33}},"33":{"start":{"line":57,"column":8},"end":{"line":60,"column":9}},"34":{"start":{"line":58,"column":12},"end":{"line":58,"column":39}},"35":{"start":{"line":59,"column":12},"end":{"line":59,"column":19}},"36":{"start":{"line":62,"column":2},"end":{"line":62,"column":52}},"37":{"start":{"line":63,"column":2},"end":{"line":63,"column":59}},"38":{"start":{"line":66,"column":2},"end":{"line":100,"column":3}},"39":{"start":{"line":68,"column":3},"end":{"line":70,"column":4}},"40":{"start":{"line":69,"column":4},"end":{"line":69,"column":44}},"41":{"start":{"line":73,"column":3},"end":{"line":75,"column":4}},"42":{"start":{"line":74,"column":4},"end":{"line":74,"column":11}},"43":{"start":{"line":78,"column":3},"end":{"line":78,"column":69}},"44":{"start":{"line":81,"column":3},"end":{"line":81,"column":73}},"45":{"start":{"line":84,"column":3},"end":{"line":84,"column":56}},"46":{"start":{"line":87,"column":3},"end":{"line":87,"column":26}},"47":{"start":{"line":90,"column":3},"end":{"line":90,"column":33}},"48":{"start":{"line":93,"column":3},"end":{"line":93,"column":33}},"49":{"start":{"line":96,"column":3},"end":{"line":96,"column":53}},"50":{"start":{"line":97,"column":9},"end":{"line":100,"column":3}},"51":{"start":{"line":99,"column":3},"end":{"line":99,"column":28}},"52":{"start":{"line":103,"column":1},"end":{"line":110,"column":3}},"53":{"start":{"line":104,"column":2},"end":{"line":104,"column":55}},"54":{"start":{"line":107,"column":2},"end":{"line":109,"column":3}},"55":{"start":{"line":108,"column":3},"end":{"line":108,"column":36}},"56":{"start":{"line":113,"column":1},"end":{"line":122,"column":3}},"57":{"start":{"line":115,"column":2},"end":{"line":121,"column":39}},"58":{"start":{"line":124,"column":1},"end":{"line":127,"column":3}},"59":{"start":{"line":130,"column":1},"end":{"line":142,"column":3}},"60":{"start":{"line":132,"column":2},"end":{"line":132,"column":56}},"61":{"start":{"line":135,"column":2},"end":{"line":135,"column":32}},"62":{"start":{"line":138,"column":2},"end":{"line":138,"column":34}},"63":{"start":{"line":141,"column":2},"end":{"line":141,"column":72}},"64":{"start":{"line":144,"column":1},"end":{"line":205,"column":3}},"65":{"start":{"line":147,"column":3},"end":{"line":147,"column":59}},"66":{"start":{"line":150,"column":3},"end":{"line":150,"column":35}},"67":{"start":{"line":151,"column":3},"end":{"line":151,"column":81}},"68":{"start":{"line":155,"column":3},"end":{"line":155,"column":65}},"69":{"start":{"line":157,"column":3},"end":{"line":203,"column":4}},"70":{"start":{"line":158,"column":4},"end":{"line":158,"column":43}},"71":{"start":{"line":160,"column":4},"end":{"line":202,"column":5}},"72":{"start":{"line":164,"column":6},"end":{"line":166,"column":8}},"73":{"start":{"line":168,"column":6},"end":{"line":176,"column":7}},"74":{"start":{"line":170,"column":7},"end":{"line":175,"column":8}},"75":{"start":{"line":171,"column":8},"end":{"line":171,"column":42}},"76":{"start":{"line":172,"column":8},"end":{"line":172,"column":28}},"77":{"start":{"line":173,"column":8},"end":{"line":173,"column":53}},"78":{"start":{"line":174,"column":8},"end":{"line":174,"column":43}},"79":{"start":{"line":178,"column":6},"end":{"line":178,"column":38}},"80":{"start":{"line":179,"column":6},"end":{"line":179,"column":12}},"81":{"start":{"line":189,"column":6},"end":{"line":200,"column":7}},"82":{"start":{"line":191,"column":7},"end":{"line":191,"column":33}},"83":{"start":{"line":192,"column":7},"end":{"line":192,"column":52}},"84":{"start":{"line":194,"column":7},"end":{"line":194,"column":35}},"85":{"start":{"line":195,"column":7},"end":{"line":197,"column":8}},"86":{"start":{"line":196,"column":8},"end":{"line":196,"column":69}},"87":{"start":{"line":198,"column":7},"end":{"line":198,"column":37}},"88":{"start":{"line":199,"column":7},"end":{"line":199,"column":30}},"89":{"start":{"line":201,"column":6},"end":{"line":201,"column":12}},"90":{"start":{"line":207,"column":1},"end":{"line":460,"column":3}},"91":{"start":{"line":215,"column":3},"end":{"line":215,"column":43}},"92":{"start":{"line":218,"column":3},"end":{"line":218,"column":59}},"93":{"start":{"line":221,"column":3},"end":{"line":221,"column":95}},"94":{"start":{"line":224,"column":3},"end":{"line":224,"column":46}},"95":{"start":{"line":227,"column":3},"end":{"line":227,"column":37}},"96":{"start":{"line":230,"column":3},"end":{"line":230,"column":33}},"97":{"start":{"line":233,"column":3},"end":{"line":233,"column":141}},"98":{"start":{"line":235,"column":3},"end":{"line":251,"column":4}},"99":{"start":{"line":237,"column":4},"end":{"line":237,"column":76}},"100":{"start":{"line":240,"column":4},"end":{"line":247,"column":7}},"101":{"start":{"line":242,"column":5},"end":{"line":242,"column":59}},"102":{"start":{"line":243,"column":5},"end":{"line":243,"column":55}},"103":{"start":{"line":246,"column":5},"end":{"line":246,"column":40}},"104":{"start":{"line":250,"column":4},"end":{"line":250,"column":52}},"105":{"start":{"line":256,"column":3},"end":{"line":256,"column":40}},"106":{"start":{"line":258,"column":3},"end":{"line":258,"column":49}},"107":{"start":{"line":260,"column":3},"end":{"line":263,"column":4}},"108":{"start":{"line":261,"column":4},"end":{"line":261,"column":71}},"109":{"start":{"line":262,"column":4},"end":{"line":262,"column":44}},"110":{"start":{"line":268,"column":4},"end":{"line":271,"column":6}},"111":{"start":{"line":272,"column":4},"end":{"line":272,"column":58}},"112":{"start":{"line":273,"column":4},"end":{"line":273,"column":50}},"113":{"start":{"line":274,"column":4},"end":{"line":274,"column":107}},"114":{"start":{"line":275,"column":4},"end":{"line":275,"column":82}},"115":{"start":{"line":276,"column":4},"end":{"line":276,"column":20}},"116":{"start":{"line":280,"column":4},"end":{"line":283,"column":5}},"117":{"start":{"line":281,"column":5},"end":{"line":281,"column":101}},"118":{"start":{"line":282,"column":5},"end":{"line":282,"column":61}},"119":{"start":{"line":287,"column":4},"end":{"line":289,"column":6}},"120":{"start":{"line":292,"column":4},"end":{"line":292,"column":50}},"121":{"start":{"line":294,"column":4},"end":{"line":296,"column":5}},"122":{"start":{"line":295,"column":5},"end":{"line":295,"column":52}},"123":{"start":{"line":297,"column":4},"end":{"line":321,"column":5}},"124":{"start":{"line":299,"column":5},"end":{"line":299,"column":41}},"125":{"start":{"line":300,"column":5},"end":{"line":320,"column":6}},"126":{"start":{"line":301,"column":6},"end":{"line":306,"column":7}},"127":{"start":{"line":302,"column":7},"end":{"line":302,"column":41}},"128":{"start":{"line":303,"column":7},"end":{"line":303,"column":27}},"129":{"start":{"line":304,"column":7},"end":{"line":304,"column":34}},"130":{"start":{"line":305,"column":7},"end":{"line":305,"column":42}},"131":{"start":{"line":309,"column":6},"end":{"line":309,"column":23}},"132":{"start":{"line":310,"column":6},"end":{"line":310,"column":58}},"133":{"start":{"line":311,"column":6},"end":{"line":319,"column":7}},"134":{"start":{"line":312,"column":7},"end":{"line":312,"column":59}},"135":{"start":{"line":313,"column":7},"end":{"line":318,"column":8}},"136":{"start":{"line":314,"column":8},"end":{"line":314,"column":43}},"137":{"start":{"line":315,"column":8},"end":{"line":315,"column":29}},"138":{"start":{"line":316,"column":8},"end":{"line":316,"column":31}},"139":{"start":{"line":317,"column":8},"end":{"line":317,"column":44}},"140":{"start":{"line":323,"column":4},"end":{"line":323,"column":36}},"141":{"start":{"line":324,"column":4},"end":{"line":324,"column":42}},"142":{"start":{"line":329,"column":3},"end":{"line":329,"column":44}},"143":{"start":{"line":330,"column":3},"end":{"line":330,"column":42}},"144":{"start":{"line":332,"column":3},"end":{"line":332,"column":76}},"145":{"start":{"line":334,"column":3},"end":{"line":334,"column":61}},"146":{"start":{"line":335,"column":3},"end":{"line":335,"column":15}},"147":{"start":{"line":339,"column":3},"end":{"line":339,"column":43}},"148":{"start":{"line":340,"column":3},"end":{"line":340,"column":63}},"149":{"start":{"line":342,"column":3},"end":{"line":342,"column":43}},"150":{"start":{"line":343,"column":3},"end":{"line":343,"column":14}},"151":{"start":{"line":348,"column":9},"end":{"line":348,"column":41}},"152":{"start":{"line":352,"column":3},"end":{"line":354,"column":13}},"153":{"start":{"line":353,"column":13},"end":{"line":353,"column":20}},"154":{"start":{"line":356,"column":12},"end":{"line":359,"column":13}},"155":{"start":{"line":357,"column":16},"end":{"line":357,"column":47}},"156":{"start":{"line":358,"column":16},"end":{"line":358,"column":23}},"157":{"start":{"line":362,"column":12},"end":{"line":363,"column":42}},"158":{"start":{"line":366,"column":12},"end":{"line":371,"column":13}},"159":{"start":{"line":367,"column":16},"end":{"line":367,"column":45}},"160":{"start":{"line":370,"column":16},"end":{"line":370,"column":45}},"161":{"start":{"line":374,"column":12},"end":{"line":377,"column":13}},"162":{"start":{"line":375,"column":16},"end":{"line":375,"column":66}},"163":{"start":{"line":376,"column":16},"end":{"line":376,"column":35}},"164":{"start":{"line":378,"column":12},"end":{"line":381,"column":13}},"165":{"start":{"line":379,"column":16},"end":{"line":379,"column":47}},"166":{"start":{"line":380,"column":16},"end":{"line":380,"column":36}},"167":{"start":{"line":384,"column":9},"end":{"line":384,"column":74}},"168":{"start":{"line":386,"column":9},"end":{"line":386,"column":92}},"169":{"start":{"line":387,"column":9},"end":{"line":389,"column":10}},"170":{"start":{"line":388,"column":10},"end":{"line":388,"column":61}},"171":{"start":{"line":390,"column":9},"end":{"line":390,"column":56}},"172":{"start":{"line":392,"column":3},"end":{"line":392,"column":56}},"173":{"start":{"line":395,"column":12},"end":{"line":402,"column":14}},"174":{"start":{"line":403,"column":12},"end":{"line":414,"column":13}},"175":{"start":{"line":404,"column":16},"end":{"line":404,"column":58}},"176":{"start":{"line":406,"column":17},"end":{"line":414,"column":13}},"177":{"start":{"line":407,"column":16},"end":{"line":407,"column":60}},"178":{"start":{"line":409,"column":17},"end":{"line":414,"column":13}},"179":{"start":{"line":410,"column":16},"end":{"line":410,"column":117}},"180":{"start":{"line":412,"column":17},"end":{"line":414,"column":13}},"181":{"start":{"line":413,"column":16},"end":{"line":413,"column":117}},"182":{"start":{"line":418,"column":3},"end":{"line":419,"column":37}},"183":{"start":{"line":421,"column":12},"end":{"line":424,"column":13}},"184":{"start":{"line":422,"column":16},"end":{"line":422,"column":103}},"185":{"start":{"line":423,"column":16},"end":{"line":423,"column":111}},"186":{"start":{"line":426,"column":12},"end":{"line":426,"column":25}},"187":{"start":{"line":430,"column":3},"end":{"line":430,"column":73}},"188":{"start":{"line":433,"column":3},"end":{"line":439,"column":4}},"189":{"start":{"line":434,"column":4},"end":{"line":434,"column":58}},"190":{"start":{"line":435,"column":10},"end":{"line":439,"column":4}},"191":{"start":{"line":437,"column":4},"end":{"line":437,"column":63}},"192":{"start":{"line":438,"column":4},"end":{"line":438,"column":102}},"193":{"start":{"line":444,"column":3},"end":{"line":444,"column":60}},"194":{"start":{"line":447,"column":3},"end":{"line":447,"column":52}},"195":{"start":{"line":450,"column":3},"end":{"line":458,"column":4}},"196":{"start":{"line":452,"column":4},"end":{"line":452,"column":96}},"197":{"start":{"line":453,"column":4},"end":{"line":453,"column":40}},"198":{"start":{"line":454,"column":4},"end":{"line":454,"column":38}},"199":{"start":{"line":457,"column":4},"end":{"line":457,"column":49}},"200":{"start":{"line":462,"column":1},"end":{"line":606,"column":3}},"201":{"start":{"line":466,"column":3},"end":{"line":466,"column":33}},"202":{"start":{"line":469,"column":3},"end":{"line":469,"column":28}},"203":{"start":{"line":472,"column":3},"end":{"line":472,"column":29}},"204":{"start":{"line":474,"column":3},"end":{"line":508,"column":4}},"205":{"start":{"line":476,"column":4},"end":{"line":476,"column":60}},"206":{"start":{"line":479,"column":4},"end":{"line":479,"column":127}},"207":{"start":{"line":482,"column":4},"end":{"line":482,"column":24}},"208":{"start":{"line":485,"column":4},"end":{"line":498,"column":5}},"209":{"start":{"line":486,"column":5},"end":{"line":486,"column":32}},"210":{"start":{"line":488,"column":5},"end":{"line":497,"column":6}},"211":{"start":{"line":489,"column":6},"end":{"line":496,"column":7}},"212":{"start":{"line":491,"column":7},"end":{"line":491,"column":66}},"213":{"start":{"line":492,"column":7},"end":{"line":492,"column":57}},"214":{"start":{"line":495,"column":7},"end":{"line":495,"column":80}},"215":{"start":{"line":501,"column":4},"end":{"line":501,"column":48}},"216":{"start":{"line":504,"column":4},"end":{"line":504,"column":44}},"217":{"start":{"line":507,"column":4},"end":{"line":507,"column":44}},"218":{"start":{"line":511,"column":3},"end":{"line":514,"column":4}},"219":{"start":{"line":512,"column":4},"end":{"line":512,"column":76}},"220":{"start":{"line":513,"column":4},"end":{"line":513,"column":49}},"221":{"start":{"line":518,"column":3},"end":{"line":518,"column":49}},"222":{"start":{"line":519,"column":3},"end":{"line":519,"column":48}},"223":{"start":{"line":521,"column":3},"end":{"line":525,"column":4}},"224":{"start":{"line":522,"column":4},"end":{"line":522,"column":80}},"225":{"start":{"line":523,"column":4},"end":{"line":523,"column":62}},"226":{"start":{"line":524,"column":4},"end":{"line":524,"column":35}},"227":{"start":{"line":527,"column":3},"end":{"line":527,"column":81}},"228":{"start":{"line":528,"column":3},"end":{"line":528,"column":20}},"229":{"start":{"line":534,"column":4},"end":{"line":534,"column":45}},"230":{"start":{"line":535,"column":4},"end":{"line":535,"column":32}},"231":{"start":{"line":536,"column":4},"end":{"line":536,"column":44}},"232":{"start":{"line":539,"column":4},"end":{"line":539,"column":48}},"233":{"start":{"line":540,"column":4},"end":{"line":540,"column":26}},"234":{"start":{"line":541,"column":4},"end":{"line":541,"column":27}},"235":{"start":{"line":544,"column":4},"end":{"line":544,"column":48}},"236":{"start":{"line":545,"column":4},"end":{"line":545,"column":39}},"237":{"start":{"line":546,"column":4},"end":{"line":546,"column":36}},"238":{"start":{"line":547,"column":4},"end":{"line":547,"column":39}},"239":{"start":{"line":548,"column":4},"end":{"line":548,"column":27}},"240":{"start":{"line":549,"column":4},"end":{"line":549,"column":15}},"241":{"start":{"line":553,"column":4},"end":{"line":553,"column":44}},"242":{"start":{"line":554,"column":4},"end":{"line":554,"column":32}},"243":{"start":{"line":555,"column":4},"end":{"line":555,"column":26}},"244":{"start":{"line":556,"column":4},"end":{"line":556,"column":15}},"245":{"start":{"line":561,"column":3},"end":{"line":561,"column":42}},"246":{"start":{"line":562,"column":3},"end":{"line":562,"column":34}},"247":{"start":{"line":563,"column":3},"end":{"line":563,"column":43}},"248":{"start":{"line":564,"column":3},"end":{"line":564,"column":45}},"249":{"start":{"line":566,"column":3},"end":{"line":566,"column":54}},"250":{"start":{"line":568,"column":3},"end":{"line":568,"column":71}},"251":{"start":{"line":572,"column":3},"end":{"line":572,"column":42}},"252":{"start":{"line":573,"column":3},"end":{"line":573,"column":34}},"253":{"start":{"line":574,"column":3},"end":{"line":574,"column":43}},"254":{"start":{"line":575,"column":3},"end":{"line":575,"column":45}},"255":{"start":{"line":577,"column":3},"end":{"line":577,"column":54}},"256":{"start":{"line":579,"column":3},"end":{"line":579,"column":50}},"257":{"start":{"line":582,"column":3},"end":{"line":584,"column":4}},"258":{"start":{"line":583,"column":4},"end":{"line":583,"column":27}},"259":{"start":{"line":587,"column":3},"end":{"line":587,"column":96}},"260":{"start":{"line":590,"column":3},"end":{"line":590,"column":63}},"261":{"start":{"line":593,"column":3},"end":{"line":593,"column":100}},"262":{"start":{"line":594,"column":3},"end":{"line":596,"column":4}},"263":{"start":{"line":595,"column":5},"end":{"line":595,"column":53}},"264":{"start":{"line":600,"column":3},"end":{"line":604,"column":4}},"265":{"start":{"line":601,"column":4},"end":{"line":603,"column":5}},"266":{"start":{"line":602,"column":5},"end":{"line":602,"column":65}},"267":{"start":{"line":609,"column":1},"end":{"line":619,"column":3}},"268":{"start":{"line":610,"column":2},"end":{"line":610,"column":28}},"269":{"start":{"line":611,"column":2},"end":{"line":611,"column":51}},"270":{"start":{"line":612,"column":2},"end":{"line":618,"column":3}},"271":{"start":{"line":613,"column":3},"end":{"line":617,"column":4}},"272":{"start":{"line":614,"column":4},"end":{"line":614,"column":43}},"273":{"start":{"line":616,"column":4},"end":{"line":616,"column":40}},"274":{"start":{"line":621,"column":1},"end":{"line":643,"column":3}},"275":{"start":{"line":624,"column":6},"end":{"line":624,"column":59}},"276":{"start":{"line":625,"column":6},"end":{"line":625,"column":47}},"277":{"start":{"line":626,"column":6},"end":{"line":626,"column":54}},"278":{"start":{"line":629,"column":3},"end":{"line":629,"column":47}},"279":{"start":{"line":630,"column":3},"end":{"line":630,"column":36}},"280":{"start":{"line":631,"column":3},"end":{"line":631,"column":41}},"281":{"start":{"line":634,"column":3},"end":{"line":634,"column":88}},"282":{"start":{"line":638,"column":3},"end":{"line":638,"column":75}},"283":{"start":{"line":639,"column":3},"end":{"line":641,"column":4}},"284":{"start":{"line":640,"column":4},"end":{"line":640,"column":51}},"285":{"start":{"line":646,"column":1},"end":{"line":664,"column":3}},"286":{"start":{"line":647,"column":2},"end":{"line":649,"column":3}},"287":{"start":{"line":648,"column":3},"end":{"line":648,"column":26}},"288":{"start":{"line":651,"column":2},"end":{"line":651,"column":26}},"289":{"start":{"line":653,"column":2},"end":{"line":653,"column":39}},"290":{"start":{"line":655,"column":2},"end":{"line":655,"column":25}},"291":{"start":{"line":657,"column":2},"end":{"line":657,"column":55}},"292":{"start":{"line":659,"column":2},"end":{"line":659,"column":25}},"293":{"start":{"line":661,"column":2},"end":{"line":661,"column":71}},"294":{"start":{"line":663,"column":2},"end":{"line":663,"column":40}},"295":{"start":{"line":667,"column":1},"end":{"line":680,"column":3}},"296":{"start":{"line":668,"column":2},"end":{"line":668,"column":27}},"297":{"start":{"line":671,"column":2},"end":{"line":671,"column":48}},"298":{"start":{"line":672,"column":2},"end":{"line":672,"column":30}},"299":{"start":{"line":673,"column":2},"end":{"line":673,"column":77}},"300":{"start":{"line":674,"column":2},"end":{"line":679,"column":5}},"301":{"start":{"line":676,"column":3},"end":{"line":676,"column":47}},"302":{"start":{"line":678,"column":3},"end":{"line":678,"column":49}},"303":{"start":{"line":683,"column":1},"end":{"line":723,"column":3}},"304":{"start":{"line":686,"column":3},"end":{"line":686,"column":58}},"305":{"start":{"line":687,"column":3},"end":{"line":687,"column":58}},"306":{"start":{"line":688,"column":3},"end":{"line":688,"column":50}},"307":{"start":{"line":689,"column":3},"end":{"line":689,"column":82}},"308":{"start":{"line":691,"column":3},"end":{"line":707,"column":5}},"309":{"start":{"line":692,"column":5},"end":{"line":706,"column":6}},"310":{"start":{"line":694,"column":7},"end":{"line":694,"column":75}},"311":{"start":{"line":695,"column":7},"end":{"line":695,"column":22}},"312":{"start":{"line":698,"column":4},"end":{"line":698,"column":34}},"313":{"start":{"line":701,"column":4},"end":{"line":705,"column":5}},"314":{"start":{"line":702,"column":5},"end":{"line":702,"column":29}},"315":{"start":{"line":704,"column":5},"end":{"line":704,"column":177}},"316":{"start":{"line":709,"column":3},"end":{"line":713,"column":5}},"317":{"start":{"line":712,"column":4},"end":{"line":712,"column":34}},"318":{"start":{"line":715,"column":3},"end":{"line":719,"column":5}},"319":{"start":{"line":718,"column":4},"end":{"line":718,"column":34}},"320":{"start":{"line":721,"column":3},"end":{"line":721,"column":42}},"321":{"start":{"line":726,"column":1},"end":{"line":726,"column":17}},"322":{"start":{"line":729,"column":1},"end":{"line":729,"column":17}}},"branchMap":{"1":{"line":4,"type":"binary-expr","locations":[{"start":{"line":4,"column":16},"end":{"line":4,"column":23}},{"start":{"line":4,"column":27},"end":{"line":4,"column":29}}]},"2":{"line":14,"type":"binary-expr","locations":[{"start":{"line":14,"column":28},"end":{"line":14,"column":52}},{"start":{"line":14,"column":56},"end":{"line":14,"column":106}}]},"3":{"line":15,"type":"binary-expr","locations":[{"start":{"line":15,"column":28},"end":{"line":15,"column":52}},{"start":{"line":15,"column":56},"end":{"line":15,"column":100}}]},"4":{"line":16,"type":"binary-expr","locations":[{"start":{"line":16,"column":28},"end":{"line":16,"column":52}},{"start":{"line":16,"column":56},"end":{"line":16,"column":100}}]},"5":{"line":17,"type":"binary-expr","locations":[{"start":{"line":17,"column":29},"end":{"line":17,"column":54}},{"start":{"line":17,"column":58},"end":{"line":17,"column":103}}]},"6":{"line":26,"type":"if","locations":[{"start":{"line":26,"column":2},"end":{"line":26,"column":2}},{"start":{"line":26,"column":2},"end":{"line":26,"column":2}}]},"7":{"line":36,"type":"if","locations":[{"start":{"line":36,"column":2},"end":{"line":36,"column":2}},{"start":{"line":36,"column":2},"end":{"line":36,"column":2}}]},"8":{"line":55,"type":"binary-expr","locations":[{"start":{"line":55,"column":10},"end":{"line":55,"column":15}},{"start":{"line":55,"column":19},"end":{"line":55,"column":31}}]},"9":{"line":56,"type":"binary-expr","locations":[{"start":{"line":56,"column":12},"end":{"line":56,"column":19}},{"start":{"line":56,"column":23},"end":{"line":56,"column":32}}]},"10":{"line":57,"type":"if","locations":[{"start":{"line":57,"column":8},"end":{"line":57,"column":8}},{"start":{"line":57,"column":8},"end":{"line":57,"column":8}}]},"11":{"line":57,"type":"binary-expr","locations":[{"start":{"line":57,"column":12},"end":{"line":57,"column":20}},{"start":{"line":57,"column":30},"end":{"line":57,"column":38}},{"start":{"line":57,"column":50},"end":{"line":57,"column":58}}]},"12":{"line":66,"type":"if","locations":[{"start":{"line":66,"column":2},"end":{"line":66,"column":2}},{"start":{"line":66,"column":2},"end":{"line":66,"column":2}}]},"13":{"line":68,"type":"if","locations":[{"start":{"line":68,"column":3},"end":{"line":68,"column":3}},{"start":{"line":68,"column":3},"end":{"line":68,"column":3}}]},"14":{"line":73,"type":"if","locations":[{"start":{"line":73,"column":3},"end":{"line":73,"column":3}},{"start":{"line":73,"column":3},"end":{"line":73,"column":3}}]},"15":{"line":97,"type":"if","locations":[{"start":{"line":97,"column":9},"end":{"line":97,"column":9}},{"start":{"line":97,"column":9},"end":{"line":97,"column":9}}]},"16":{"line":107,"type":"if","locations":[{"start":{"line":107,"column":2},"end":{"line":107,"column":2}},{"start":{"line":107,"column":2},"end":{"line":107,"column":2}}]},"17":{"line":115,"type":"binary-expr","locations":[{"start":{"line":115,"column":10},"end":{"line":115,"column":26}},{"start":{"line":117,"column":4},"end":{"line":117,"column":37}},{"start":{"line":119,"column":4},"end":{"line":119,"column":58}},{"start":{"line":121,"column":4},"end":{"line":121,"column":37}}]},"18":{"line":157,"type":"if","locations":[{"start":{"line":157,"column":3},"end":{"line":157,"column":3}},{"start":{"line":157,"column":3},"end":{"line":157,"column":3}}]},"19":{"line":157,"type":"binary-expr","locations":[{"start":{"line":157,"column":6},"end":{"line":157,"column":14}},{"start":{"line":157,"column":18},"end":{"line":157,"column":38}}]},"20":{"line":160,"type":"switch","locations":[{"start":{"line":161,"column":5},"end":{"line":161,"column":21}},{"start":{"line":162,"column":5},"end":{"line":179,"column":12}},{"start":{"line":180,"column":5},"end":{"line":180,"column":28}},{"start":{"line":181,"column":5},"end":{"line":181,"column":26}},{"start":{"line":182,"column":5},"end":{"line":201,"column":12}}]},"21":{"line":168,"type":"if","locations":[{"start":{"line":168,"column":6},"end":{"line":168,"column":6}},{"start":{"line":168,"column":6},"end":{"line":168,"column":6}}]},"22":{"line":168,"type":"binary-expr","locations":[{"start":{"line":168,"column":9},"end":{"line":168,"column":24}},{"start":{"line":168,"column":28},"end":{"line":168,"column":54}}]},"23":{"line":189,"type":"if","locations":[{"start":{"line":189,"column":6},"end":{"line":189,"column":6}},{"start":{"line":189,"column":6},"end":{"line":189,"column":6}}]},"24":{"line":189,"type":"binary-expr","locations":[{"start":{"line":189,"column":9},"end":{"line":189,"column":25}},{"start":{"line":189,"column":29},"end":{"line":189,"column":56}}]},"25":{"line":221,"type":"binary-expr","locations":[{"start":{"line":221,"column":33},"end":{"line":221,"column":60}},{"start":{"line":221,"column":64},"end":{"line":221,"column":94}}]},"26":{"line":233,"type":"binary-expr","locations":[{"start":{"line":233,"column":49},"end":{"line":233,"column":92}},{"start":{"line":233,"column":96},"end":{"line":233,"column":140}}]},"27":{"line":235,"type":"if","locations":[{"start":{"line":235,"column":3},"end":{"line":235,"column":3}},{"start":{"line":235,"column":3},"end":{"line":235,"column":3}}]},"28":{"line":260,"type":"if","locations":[{"start":{"line":260,"column":3},"end":{"line":260,"column":3}},{"start":{"line":260,"column":3},"end":{"line":260,"column":3}}]},"29":{"line":280,"type":"if","locations":[{"start":{"line":280,"column":4},"end":{"line":280,"column":4}},{"start":{"line":280,"column":4},"end":{"line":280,"column":4}}]},"30":{"line":294,"type":"if","locations":[{"start":{"line":294,"column":4},"end":{"line":294,"column":4}},{"start":{"line":294,"column":4},"end":{"line":294,"column":4}}]},"31":{"line":297,"type":"if","locations":[{"start":{"line":297,"column":4},"end":{"line":297,"column":4}},{"start":{"line":297,"column":4},"end":{"line":297,"column":4}}]},"32":{"line":300,"type":"if","locations":[{"start":{"line":300,"column":5},"end":{"line":300,"column":5}},{"start":{"line":300,"column":5},"end":{"line":300,"column":5}}]},"33":{"line":311,"type":"if","locations":[{"start":{"line":311,"column":6},"end":{"line":311,"column":6}},{"start":{"line":311,"column":6},"end":{"line":311,"column":6}}]},"34":{"line":352,"type":"if","locations":[{"start":{"line":352,"column":3},"end":{"line":352,"column":3}},{"start":{"line":352,"column":3},"end":{"line":352,"column":3}}]},"35":{"line":356,"type":"if","locations":[{"start":{"line":356,"column":12},"end":{"line":356,"column":12}},{"start":{"line":356,"column":12},"end":{"line":356,"column":12}}]},"36":{"line":366,"type":"if","locations":[{"start":{"line":366,"column":12},"end":{"line":366,"column":12}},{"start":{"line":366,"column":12},"end":{"line":366,"column":12}}]},"37":{"line":374,"type":"if","locations":[{"start":{"line":374,"column":12},"end":{"line":374,"column":12}},{"start":{"line":374,"column":12},"end":{"line":374,"column":12}}]},"38":{"line":378,"type":"if","locations":[{"start":{"line":378,"column":12},"end":{"line":378,"column":12}},{"start":{"line":378,"column":12},"end":{"line":378,"column":12}}]},"39":{"line":387,"type":"if","locations":[{"start":{"line":387,"column":9},"end":{"line":387,"column":9}},{"start":{"line":387,"column":9},"end":{"line":387,"column":9}}]},"40":{"line":403,"type":"if","locations":[{"start":{"line":403,"column":12},"end":{"line":403,"column":12}},{"start":{"line":403,"column":12},"end":{"line":403,"column":12}}]},"41":{"line":406,"type":"if","locations":[{"start":{"line":406,"column":17},"end":{"line":406,"column":17}},{"start":{"line":406,"column":17},"end":{"line":406,"column":17}}]},"42":{"line":409,"type":"if","locations":[{"start":{"line":409,"column":17},"end":{"line":409,"column":17}},{"start":{"line":409,"column":17},"end":{"line":409,"column":17}}]},"43":{"line":412,"type":"if","locations":[{"start":{"line":412,"column":17},"end":{"line":412,"column":17}},{"start":{"line":412,"column":17},"end":{"line":412,"column":17}}]},"44":{"line":418,"type":"binary-expr","locations":[{"start":{"line":418,"column":20},"end":{"line":418,"column":32}},{"start":{"line":418,"column":36},"end":{"line":418,"column":38}}]},"45":{"line":433,"type":"if","locations":[{"start":{"line":433,"column":3},"end":{"line":433,"column":3}},{"start":{"line":433,"column":3},"end":{"line":433,"column":3}}]},"46":{"line":435,"type":"if","locations":[{"start":{"line":435,"column":10},"end":{"line":435,"column":10}},{"start":{"line":435,"column":10},"end":{"line":435,"column":10}}]},"47":{"line":450,"type":"if","locations":[{"start":{"line":450,"column":3},"end":{"line":450,"column":3}},{"start":{"line":450,"column":3},"end":{"line":450,"column":3}}]},"48":{"line":450,"type":"binary-expr","locations":[{"start":{"line":450,"column":6},"end":{"line":450,"column":57}},{"start":{"line":450,"column":61},"end":{"line":450,"column":112}}]},"49":{"line":474,"type":"if","locations":[{"start":{"line":474,"column":3},"end":{"line":474,"column":3}},{"start":{"line":474,"column":3},"end":{"line":474,"column":3}}]},"50":{"line":479,"type":"binary-expr","locations":[{"start":{"line":479,"column":39},"end":{"line":479,"column":73}},{"start":{"line":479,"column":77},"end":{"line":479,"column":126}}]},"51":{"line":489,"type":"if","locations":[{"start":{"line":489,"column":6},"end":{"line":489,"column":6}},{"start":{"line":489,"column":6},"end":{"line":489,"column":6}}]},"52":{"line":511,"type":"if","locations":[{"start":{"line":511,"column":3},"end":{"line":511,"column":3}},{"start":{"line":511,"column":3},"end":{"line":511,"column":3}}]},"53":{"line":521,"type":"if","locations":[{"start":{"line":521,"column":3},"end":{"line":521,"column":3}},{"start":{"line":521,"column":3},"end":{"line":521,"column":3}}]},"54":{"line":582,"type":"if","locations":[{"start":{"line":582,"column":3},"end":{"line":582,"column":3}},{"start":{"line":582,"column":3},"end":{"line":582,"column":3}}]},"55":{"line":600,"type":"if","locations":[{"start":{"line":600,"column":3},"end":{"line":600,"column":3}},{"start":{"line":600,"column":3},"end":{"line":600,"column":3}}]},"56":{"line":610,"type":"binary-expr","locations":[{"start":{"line":610,"column":10},"end":{"line":610,"column":15}},{"start":{"line":610,"column":19},"end":{"line":610,"column":27}}]},"57":{"line":613,"type":"if","locations":[{"start":{"line":613,"column":3},"end":{"line":613,"column":3}},{"start":{"line":613,"column":3},"end":{"line":613,"column":3}}]},"58":{"line":639,"type":"if","locations":[{"start":{"line":639,"column":3},"end":{"line":639,"column":3}},{"start":{"line":639,"column":3},"end":{"line":639,"column":3}}]},"59":{"line":647,"type":"if","locations":[{"start":{"line":647,"column":2},"end":{"line":647,"column":2}},{"start":{"line":647,"column":2},"end":{"line":647,"column":2}}]},"60":{"line":692,"type":"if","locations":[{"start":{"line":692,"column":5},"end":{"line":692,"column":5}},{"start":{"line":692,"column":5},"end":{"line":692,"column":5}}]},"61":{"line":692,"type":"binary-expr","locations":[{"start":{"line":692,"column":9},"end":{"line":692,"column":54}},{"start":{"line":692,"column":58},"end":{"line":692,"column":102}}]},"62":{"line":701,"type":"if","locations":[{"start":{"line":701,"column":4},"end":{"line":701,"column":4}},{"start":{"line":701,"column":4},"end":{"line":701,"column":4}}]}}}}