TN:
SF:src\js\_scaffolding.js
FNF:0
FNH:0
DA:2,1
LF:1
LH:1
BRDA:2,1,0,1
BRDA:2,1,1,1
BRF:2
BRH:2
end_of_record
TN:
SF:src\js\_defaults.js
FNF:0
FNH:0
DA:2,1
LF:1
LH:1
BRF:0
BRH:0
end_of_record
TN:
SF:src\js\_event-factory.js
FN:2,(anonymous_1)
FN:10,(anonymous_2)
FN:18,(anonymous_3)
FNF:3
FNH:0
FNDA:0,(anonymous_1)
FNDA:0,(anonymous_2)
FNDA:0,(anonymous_3)
DA:2,1
DA:4,0
DA:7,0
DA:10,0
DA:12,0
DA:14,0
DA:18,0
DA:20,0
DA:22,0
DA:24,0
DA:27,0
DA:28,0
DA:32,0
DA:38,0
LF:14
LH:1
BRDA:12,1,0,0
BRDA:12,1,1,0
BRDA:20,2,0,0
BRDA:20,2,1,0
BRF:4
BRH:0
end_of_record
TN:
SF:src\js\_ua.js
FN:4,(anonymous_1)
FN:19,(anonymous_2)
FNF:2
FNH:0
FNDA:0,(anonymous_1)
FNDA:0,(anonymous_2)
DA:2,1
DA:6,0
DA:9,0
DA:10,0
DA:11,0
DA:12,0
DA:13,0
DA:17,0
DA:20,0
DA:21,0
DA:22,0
LF:11
LH:1
BRDA:9,1,0,0
BRDA:9,1,1,0
BRDA:21,2,0,0
BRDA:21,2,1,0
BRF:4
BRH:0
end_of_record
TN:
SF:src\js\_urls.js
FN:8,(anonymous_1)
FN:17,(anonymous_2)
FN:23,(anonymous_3)
FN:26,(anonymous_4)
FNF:4
FNH:0
FNDA:0,(anonymous_1)
FNDA:0,(anonymous_2)
FNDA:0,(anonymous_3)
FNDA:0,(anonymous_4)
DA:2,1
DA:9,0
DA:10,0
DA:11,0
DA:12,0
DA:14,0
DA:18,0
DA:24,0
DA:27,0
DA:28,0
DA:30,0
LF:11
LH:1
BRDA:9,1,0,0
BRDA:9,1,1,0
BRDA:10,2,0,0
BRDA:10,2,1,0
BRDA:12,3,0,0
BRDA:12,3,1,0
BRDA:30,4,0,0
BRDA:30,4,1,0
BRF:8
BRH:0
end_of_record
TN:
SF:src\js\main-address.js
FN:2,(anonymous_1)
FN:23,(anonymous_2)
FN:45,(anonymous_3)
FN:53,(anonymous_4)
FN:103,(anonymous_5)
FN:113,(anonymous_6)
FN:124,(anonymous_7)
FN:130,(anonymous_8)
FN:145,(anonymous_9)
FN:153,(anonymous_10)
FN:213,(anonymous_11)
FN:240,(anonymous_12)
FN:254,(anonymous_13)
FN:267,(anonymous_14)
FN:279,(anonymous_15)
FN:286,(anonymous_16)
FN:328,(anonymous_17)
FN:338,(anonymous_18)
FN:347,(anonymous_19)
FN:351,(anonymous_20)
FN:417,(anonymous_21)
FN:429,(anonymous_22)
FN:432,(anonymous_23)
FN:442,(anonymous_24)
FN:464,(anonymous_25)
FN:510,(anonymous_26)
FN:517,(anonymous_27)
FN:532,(anonymous_28)
FN:552,(anonymous_29)
FN:560,(anonymous_30)
FN:571,(anonymous_31)
FN:581,(anonymous_32)
FN:599,(anonymous_33)
FN:609,(anonymous_34)
FN:622,(anonymous_35)
FN:637,(anonymous_36)
FN:646,(anonymous_37)
FN:667,(anonymous_38)
FN:674,(anonymous_39)
FN:685,(anonymous_40)
FN:691,(anonymous_41)
FN:709,(anonymous_42)
FN:715,(anonymous_43)
FNF:43
FNH:0
FNDA:0,(anonymous_1)
FNDA:0,(anonymous_2)
FNDA:0,(anonymous_3)
FNDA:0,(anonymous_4)
FNDA:0,(anonymous_5)
FNDA:0,(anonymous_6)
FNDA:0,(anonymous_7)
FNDA:0,(anonymous_8)
FNDA:0,(anonymous_9)
FNDA:0,(anonymous_10)
FNDA:0,(anonymous_11)
FNDA:0,(anonymous_12)
FNDA:0,(anonymous_13)
FNDA:0,(anonymous_14)
FNDA:0,(anonymous_15)
FNDA:0,(anonymous_16)
FNDA:0,(anonymous_17)
FNDA:0,(anonymous_18)
FNDA:0,(anonymous_19)
FNDA:0,(anonymous_20)
FNDA:0,(anonymous_21)
FNDA:0,(anonymous_22)
FNDA:0,(anonymous_23)
FNDA:0,(anonymous_24)
FNDA:0,(anonymous_25)
FNDA:0,(anonymous_26)
FNDA:0,(anonymous_27)
FNDA:0,(anonymous_28)
FNDA:0,(anonymous_29)
FNDA:0,(anonymous_30)
FNDA:0,(anonymous_31)
FNDA:0,(anonymous_32)
FNDA:0,(anonymous_33)
FNDA:0,(anonymous_34)
FNDA:0,(anonymous_35)
FNDA:0,(anonymous_36)
FNDA:0,(anonymous_37)
FNDA:0,(anonymous_38)
FNDA:0,(anonymous_39)
FNDA:0,(anonymous_40)
FNDA:0,(anonymous_41)
FNDA:0,(anonymous_42)
FNDA:0,(anonymous_43)
DA:2,1
DA:4,0
DA:7,0
DA:8,0
DA:9,0
DA:10,0
DA:11,0
DA:12,0
DA:13,0
DA:14,0
DA:15,0
DA:16,0
DA:17,0
DA:20,0
DA:23,0
DA:25,0
DA:26,0
DA:28,0
DA:30,0
DA:31,0
DA:34,0
DA:36,0
DA:37,0
DA:39,0
DA:41,0
DA:43,0
DA:45,0
DA:46,0
DA:49,0
DA:53,0
DA:55,0
DA:56,0
DA:57,0
DA:58,0
DA:59,0
DA:62,0
DA:63,0
DA:66,0
DA:68,0
DA:69,0
DA:73,0
DA:74,0
DA:78,0
DA:81,0
DA:84,0
DA:87,0
DA:90,0
DA:93,0
DA:96,0
DA:97,0
DA:99,0
DA:103,0
DA:104,0
DA:107,0
DA:108,0
DA:113,0
DA:115,0
DA:124,0
DA:130,0
DA:132,0
DA:135,0
DA:138,0
DA:141,0
DA:144,0
DA:147,0
DA:150,0
DA:151,0
DA:155,0
DA:157,0
DA:158,0
DA:160,0
DA:164,0
DA:168,0
DA:170,0
DA:171,0
DA:172,0
DA:173,0
DA:174,0
DA:178,0
DA:179,0
DA:189,0
DA:191,0
DA:192,0
DA:194,0
DA:195,0
DA:196,0
DA:198,0
DA:199,0
DA:201,0
DA:207,0
DA:215,0
DA:218,0
DA:221,0
DA:224,0
DA:227,0
DA:230,0
DA:233,0
DA:235,0
DA:237,0
DA:240,0
DA:242,0
DA:243,0
DA:246,0
DA:250,0
DA:256,0
DA:258,0
DA:260,0
DA:261,0
DA:262,0
DA:268,0
DA:272,0
DA:273,0
DA:274,0
DA:275,0
DA:276,0
DA:280,0
DA:281,0
DA:282,0
DA:287,0
DA:292,0
DA:294,0
DA:295,0
DA:297,0
DA:299,0
DA:300,0
DA:301,0
DA:302,0
DA:303,0
DA:304,0
DA:305,0
DA:309,0
DA:310,0
DA:311,0
DA:312,0
DA:313,0
DA:314,0
DA:315,0
DA:316,0
DA:317,0
DA:323,0
DA:324,0
DA:329,0
DA:330,0
DA:332,0
DA:334,0
DA:335,0
DA:339,0
DA:340,0
DA:342,0
DA:343,0
DA:348,0
DA:352,0
DA:353,0
DA:356,0
DA:357,0
DA:358,0
DA:362,0
DA:366,0
DA:367,0
DA:370,0
DA:374,0
DA:375,0
DA:376,0
DA:378,0
DA:379,0
DA:380,0
DA:384,0
DA:386,0
DA:387,0
DA:388,0
DA:390,0
DA:392,0
DA:395,0
DA:403,0
DA:404,0
DA:406,0
DA:407,0
DA:409,0
DA:410,0
DA:412,0
DA:413,0
DA:418,0
DA:421,0
DA:422,0
DA:423,0
DA:426,0
DA:430,0
DA:433,0
DA:434,0
DA:435,0
DA:437,0
DA:438,0
DA:444,0
DA:447,0
DA:450,0
DA:452,0
DA:453,0
DA:454,0
DA:457,0
DA:462,0
DA:466,0
DA:469,0
DA:472,0
DA:474,0
DA:476,0
DA:479,0
DA:482,0
DA:485,0
DA:486,0
DA:488,0
DA:489,0
DA:491,0
DA:492,0
DA:495,0
DA:501,0
DA:504,0
DA:507,0
DA:511,0
DA:512,0
DA:513,0
DA:518,0
DA:519,0
DA:521,0
DA:522,0
DA:523,0
DA:524,0
DA:527,0
DA:528,0
DA:534,0
DA:535,0
DA:536,0
DA:539,0
DA:540,0
DA:541,0
DA:544,0
DA:545,0
DA:546,0
DA:547,0
DA:548,0
DA:549,0
DA:553,0
DA:554,0
DA:555,0
DA:556,0
DA:561,0
DA:562,0
DA:563,0
DA:564,0
DA:566,0
DA:568,0
DA:572,0
DA:573,0
DA:574,0
DA:575,0
DA:577,0
DA:579,0
DA:582,0
DA:583,0
DA:587,0
DA:590,0
DA:593,0
DA:594,0
DA:595,0
DA:600,0
DA:601,0
DA:602,0
DA:609,0
DA:610,0
DA:611,0
DA:612,0
DA:613,0
DA:614,0
DA:616,0
DA:621,0
DA:624,0
DA:625,0
DA:626,0
DA:629,0
DA:630,0
DA:631,0
DA:634,0
DA:638,0
DA:639,0
DA:640,0
DA:646,0
DA:647,0
DA:648,0
DA:651,0
DA:653,0
DA:655,0
DA:657,0
DA:659,0
DA:661,0
DA:663,0
DA:667,0
DA:668,0
DA:671,0
DA:672,0
DA:673,0
DA:674,0
DA:676,0
DA:678,0
DA:683,0
DA:686,0
DA:687,0
DA:688,0
DA:689,0
DA:691,0
DA:692,0
DA:694,0
DA:695,0
DA:698,0
DA:701,0
DA:702,0
DA:704,0
DA:709,0
DA:712,0
DA:715,0
DA:718,0
DA:721,0
DA:726,0
DA:729,0
LF:322
LH:1
BRDA:4,1,0,0
BRDA:4,1,1,0
BRDA:14,2,0,0
BRDA:14,2,1,0
BRDA:15,3,0,0
BRDA:15,3,1,0
BRDA:16,4,0,0
BRDA:16,4,1,0
BRDA:17,5,0,0
BRDA:17,5,1,0
BRDA:26,6,0,0
BRDA:26,6,1,0
BRDA:36,7,0,0
BRDA:36,7,1,0
BRDA:55,8,0,0
BRDA:55,8,1,0
BRDA:56,9,0,0
BRDA:56,9,1,0
BRDA:57,10,0,0
BRDA:57,10,1,0
BRDA:57,11,0,0
BRDA:57,11,1,0
BRDA:57,11,2,0
BRDA:66,12,0,0
BRDA:66,12,1,0
BRDA:68,13,0,0
BRDA:68,13,1,0
BRDA:73,14,0,0
BRDA:73,14,1,0
BRDA:97,15,0,0
BRDA:97,15,1,0
BRDA:107,16,0,0
BRDA:107,16,1,0
BRDA:115,17,0,0
BRDA:115,17,1,0
BRDA:115,17,2,0
BRDA:115,17,3,0
BRDA:157,18,0,0
BRDA:157,18,1,0
BRDA:157,19,0,0
BRDA:157,19,1,0
BRDA:160,20,0,0
BRDA:160,20,1,0
BRDA:160,20,2,0
BRDA:160,20,3,0
BRDA:160,20,4,0
BRDA:168,21,0,0
BRDA:168,21,1,0
BRDA:168,22,0,0
BRDA:168,22,1,0
BRDA:189,23,0,0
BRDA:189,23,1,0
BRDA:189,24,0,0
BRDA:189,24,1,0
BRDA:221,25,0,0
BRDA:221,25,1,0
BRDA:233,26,0,0
BRDA:233,26,1,0
BRDA:235,27,0,0
BRDA:235,27,1,0
BRDA:260,28,0,0
BRDA:260,28,1,0
BRDA:280,29,0,0
BRDA:280,29,1,0
BRDA:294,30,0,0
BRDA:294,30,1,0
BRDA:297,31,0,0
BRDA:297,31,1,0
BRDA:300,32,0,0
BRDA:300,32,1,0
BRDA:311,33,0,0
BRDA:311,33,1,0
BRDA:352,34,0,0
BRDA:352,34,1,0
BRDA:356,35,0,0
BRDA:356,35,1,0
BRDA:366,36,0,0
BRDA:366,36,1,0
BRDA:374,37,0,0
BRDA:374,37,1,0
BRDA:378,38,0,0
BRDA:378,38,1,0
BRDA:387,39,0,0
BRDA:387,39,1,0
BRDA:403,40,0,0
BRDA:403,40,1,0
BRDA:406,41,0,0
BRDA:406,41,1,0
BRDA:409,42,0,0
BRDA:409,42,1,0
BRDA:412,43,0,0
BRDA:412,43,1,0
BRDA:418,44,0,0
BRDA:418,44,1,0
BRDA:433,45,0,0
BRDA:433,45,1,0
BRDA:435,46,0,0
BRDA:435,46,1,0
BRDA:450,47,0,0
BRDA:450,47,1,0
BRDA:450,48,0,0
BRDA:450,48,1,0
BRDA:474,49,0,0
BRDA:474,49,1,0
BRDA:479,50,0,0
BRDA:479,50,1,0
BRDA:489,51,0,0
BRDA:489,51,1,0
BRDA:511,52,0,0
BRDA:511,52,1,0
BRDA:521,53,0,0
BRDA:521,53,1,0
BRDA:582,54,0,0
BRDA:582,54,1,0
BRDA:600,55,0,0
BRDA:600,55,1,0
BRDA:610,56,0,0
BRDA:610,56,1,0
BRDA:613,57,0,0
BRDA:613,57,1,0
BRDA:639,58,0,0
BRDA:639,58,1,0
BRDA:647,59,0,0
BRDA:647,59,1,0
BRDA:692,60,0,0
BRDA:692,60,1,0
BRDA:692,61,0,0
BRDA:692,61,1,0
BRDA:701,62,0,0
BRDA:701,62,1,0
BRF:130
BRH:0
end_of_record
