TN:
SF:src\js\_scaffolding.js
FNF:0
FNH:0
DA:2,1
LF:1
LH:1
BRDA:2,1,0,1
BRDA:2,1,1,1
BRF:2
BRH:2
end_of_record
TN:
SF:src\js\_defaults.js
FNF:0
FNH:0
DA:2,1
LF:1
LH:1
BRF:0
BRH:0
end_of_record
TN:
SF:src\js\_event-factory.js
FN:2,(anonymous_1)
FN:10,(anonymous_2)
FN:18,(anonymous_3)
FNF:3
FNH:0
FNDA:0,(anonymous_1)
FNDA:0,(anonymous_2)
FNDA:0,(anonymous_3)
DA:2,1
DA:4,0
DA:7,0
DA:10,0
DA:12,0
DA:14,0
DA:18,0
DA:20,0
DA:22,0
DA:24,0
DA:27,0
DA:28,0
DA:32,0
DA:38,0
LF:14
LH:1
BRDA:12,1,0,0
BRDA:12,1,1,0
BRDA:20,2,0,0
BRDA:20,2,1,0
BRF:4
BRH:0
end_of_record
TN:
SF:src\js\_ua.js
FN:4,(anonymous_1)
FN:19,(anonymous_2)
FNF:2
FNH:0
FNDA:0,(anonymous_1)
FNDA:0,(anonymous_2)
DA:2,1
DA:6,0
DA:9,0
DA:10,0
DA:11,0
DA:12,0
DA:13,0
DA:17,0
DA:20,0
DA:21,0
DA:22,0
LF:11
LH:1
BRDA:9,1,0,0
BRDA:9,1,1,0
BRDA:21,2,0,0
BRDA:21,2,1,0
BRF:4
BRH:0
end_of_record
TN:
SF:src\js\_urls.js
FN:8,(anonymous_1)
FN:17,(anonymous_2)
FN:23,(anonymous_3)
FN:26,(anonymous_4)
FNF:4
FNH:0
FNDA:0,(anonymous_1)
FNDA:0,(anonymous_2)
FNDA:0,(anonymous_3)
FNDA:0,(anonymous_4)
DA:2,1
DA:9,0
DA:10,0
DA:11,0
DA:12,0
DA:14,0
DA:18,0
DA:24,0
DA:27,0
DA:28,0
DA:30,0
LF:11
LH:1
BRDA:9,1,0,0
BRDA:9,1,1,0
BRDA:10,2,0,0
BRDA:10,2,1,0
BRDA:12,3,0,0
BRDA:12,3,1,0
BRDA:30,4,0,0
BRDA:30,4,1,0
BRF:8
BRH:0
end_of_record
TN:
SF:src\js\main-address.js
FN:2,(anonymous_1)
FN:23,(anonymous_2)
FN:45,(anonymous_3)
FN:53,(anonymous_4)
FN:103,(anonymous_5)
FN:113,(anonymous_6)
FN:124,(anonymous_7)
FN:130,(anonymous_8)
FN:150,(anonymous_9)
FN:158,(anonymous_10)
FN:218,(anonymous_11)
FN:245,(anonymous_12)
FN:259,(anonymous_13)
FN:272,(anonymous_14)
FN:284,(anonymous_15)
FN:291,(anonymous_16)
FN:333,(anonymous_17)
FN:343,(anonymous_18)
FN:352,(anonymous_19)
FN:356,(anonymous_20)
FN:422,(anonymous_21)
FN:434,(anonymous_22)
FN:437,(anonymous_23)
FN:447,(anonymous_24)
FN:469,(anonymous_25)
FN:515,(anonymous_26)
FN:522,(anonymous_27)
FN:537,(anonymous_28)
FN:557,(anonymous_29)
FN:565,(anonymous_30)
FN:576,(anonymous_31)
FN:586,(anonymous_32)
FN:604,(anonymous_33)
FN:614,(anonymous_34)
FN:627,(anonymous_35)
FN:642,(anonymous_36)
FN:651,(anonymous_37)
FN:672,(anonymous_38)
FN:679,(anonymous_39)
FN:690,(anonymous_40)
FN:696,(anonymous_41)
FN:714,(anonymous_42)
FN:720,(anonymous_43)
FNF:43
FNH:0
FNDA:0,(anonymous_1)
FNDA:0,(anonymous_2)
FNDA:0,(anonymous_3)
FNDA:0,(anonymous_4)
FNDA:0,(anonymous_5)
FNDA:0,(anonymous_6)
FNDA:0,(anonymous_7)
FNDA:0,(anonymous_8)
FNDA:0,(anonymous_9)
FNDA:0,(anonymous_10)
FNDA:0,(anonymous_11)
FNDA:0,(anonymous_12)
FNDA:0,(anonymous_13)
FNDA:0,(anonymous_14)
FNDA:0,(anonymous_15)
FNDA:0,(anonymous_16)
FNDA:0,(anonymous_17)
FNDA:0,(anonymous_18)
FNDA:0,(anonymous_19)
FNDA:0,(anonymous_20)
FNDA:0,(anonymous_21)
FNDA:0,(anonymous_22)
FNDA:0,(anonymous_23)
FNDA:0,(anonymous_24)
FNDA:0,(anonymous_25)
FNDA:0,(anonymous_26)
FNDA:0,(anonymous_27)
FNDA:0,(anonymous_28)
FNDA:0,(anonymous_29)
FNDA:0,(anonymous_30)
FNDA:0,(anonymous_31)
FNDA:0,(anonymous_32)
FNDA:0,(anonymous_33)
FNDA:0,(anonymous_34)
FNDA:0,(anonymous_35)
FNDA:0,(anonymous_36)
FNDA:0,(anonymous_37)
FNDA:0,(anonymous_38)
FNDA:0,(anonymous_39)
FNDA:0,(anonymous_40)
FNDA:0,(anonymous_41)
FNDA:0,(anonymous_42)
FNDA:0,(anonymous_43)
DA:2,1
DA:4,0
DA:7,0
DA:8,0
DA:9,0
DA:10,0
DA:11,0
DA:12,0
DA:13,0
DA:14,0
DA:15,0
DA:16,0
DA:17,0
DA:20,0
DA:23,0
DA:25,0
DA:26,0
DA:28,0
DA:30,0
DA:31,0
DA:34,0
DA:36,0
DA:37,0
DA:39,0
DA:41,0
DA:43,0
DA:45,0
DA:46,0
DA:49,0
DA:53,0
DA:55,0
DA:56,0
DA:57,0
DA:58,0
DA:59,0
DA:62,0
DA:63,0
DA:66,0
DA:68,0
DA:69,0
DA:73,0
DA:74,0
DA:78,0
DA:81,0
DA:84,0
DA:87,0
DA:90,0
DA:93,0
DA:96,0
DA:97,0
DA:99,0
DA:103,0
DA:104,0
DA:107,0
DA:108,0
DA:113,0
DA:115,0
DA:124,0
DA:130,0
DA:132,0
DA:135,0
DA:138,0
DA:141,0
DA:142,0
DA:146,0
DA:149,0
DA:152,0
DA:155,0
DA:156,0
DA:160,0
DA:162,0
DA:163,0
DA:165,0
DA:169,0
DA:173,0
DA:175,0
DA:176,0
DA:177,0
DA:178,0
DA:179,0
DA:183,0
DA:184,0
DA:194,0
DA:196,0
DA:197,0
DA:199,0
DA:200,0
DA:201,0
DA:203,0
DA:204,0
DA:206,0
DA:212,0
DA:220,0
DA:223,0
DA:226,0
DA:229,0
DA:232,0
DA:235,0
DA:238,0
DA:240,0
DA:242,0
DA:245,0
DA:247,0
DA:248,0
DA:251,0
DA:255,0
DA:261,0
DA:263,0
DA:265,0
DA:266,0
DA:267,0
DA:273,0
DA:277,0
DA:278,0
DA:279,0
DA:280,0
DA:281,0
DA:285,0
DA:286,0
DA:287,0
DA:292,0
DA:297,0
DA:299,0
DA:300,0
DA:302,0
DA:304,0
DA:305,0
DA:306,0
DA:307,0
DA:308,0
DA:309,0
DA:310,0
DA:314,0
DA:315,0
DA:316,0
DA:317,0
DA:318,0
DA:319,0
DA:320,0
DA:321,0
DA:322,0
DA:328,0
DA:329,0
DA:334,0
DA:335,0
DA:337,0
DA:339,0
DA:340,0
DA:344,0
DA:345,0
DA:347,0
DA:348,0
DA:353,0
DA:357,0
DA:358,0
DA:361,0
DA:362,0
DA:363,0
DA:367,0
DA:371,0
DA:372,0
DA:375,0
DA:379,0
DA:380,0
DA:381,0
DA:383,0
DA:384,0
DA:385,0
DA:389,0
DA:391,0
DA:392,0
DA:393,0
DA:395,0
DA:397,0
DA:400,0
DA:408,0
DA:409,0
DA:411,0
DA:412,0
DA:414,0
DA:415,0
DA:417,0
DA:418,0
DA:423,0
DA:426,0
DA:427,0
DA:428,0
DA:431,0
DA:435,0
DA:438,0
DA:439,0
DA:440,0
DA:442,0
DA:443,0
DA:449,0
DA:452,0
DA:455,0
DA:457,0
DA:458,0
DA:459,0
DA:462,0
DA:467,0
DA:471,0
DA:474,0
DA:477,0
DA:479,0
DA:481,0
DA:484,0
DA:487,0
DA:490,0
DA:491,0
DA:493,0
DA:494,0
DA:496,0
DA:497,0
DA:500,0
DA:506,0
DA:509,0
DA:512,0
DA:516,0
DA:517,0
DA:518,0
DA:523,0
DA:524,0
DA:526,0
DA:527,0
DA:528,0
DA:529,0
DA:532,0
DA:533,0
DA:539,0
DA:540,0
DA:541,0
DA:544,0
DA:545,0
DA:546,0
DA:549,0
DA:550,0
DA:551,0
DA:552,0
DA:553,0
DA:554,0
DA:558,0
DA:559,0
DA:560,0
DA:561,0
DA:566,0
DA:567,0
DA:568,0
DA:569,0
DA:571,0
DA:573,0
DA:577,0
DA:578,0
DA:579,0
DA:580,0
DA:582,0
DA:584,0
DA:587,0
DA:588,0
DA:592,0
DA:595,0
DA:598,0
DA:599,0
DA:600,0
DA:605,0
DA:606,0
DA:607,0
DA:614,0
DA:615,0
DA:616,0
DA:617,0
DA:618,0
DA:619,0
DA:621,0
DA:626,0
DA:629,0
DA:630,0
DA:631,0
DA:634,0
DA:635,0
DA:636,0
DA:639,0
DA:643,0
DA:644,0
DA:645,0
DA:651,0
DA:652,0
DA:653,0
DA:656,0
DA:658,0
DA:660,0
DA:662,0
DA:664,0
DA:666,0
DA:668,0
DA:672,0
DA:673,0
DA:676,0
DA:677,0
DA:678,0
DA:679,0
DA:681,0
DA:683,0
DA:688,0
DA:691,0
DA:692,0
DA:693,0
DA:694,0
DA:696,0
DA:697,0
DA:699,0
DA:700,0
DA:703,0
DA:706,0
DA:707,0
DA:709,0
DA:714,0
DA:717,0
DA:720,0
DA:723,0
DA:726,0
DA:731,0
DA:734,0
LF:324
LH:1
BRDA:4,1,0,0
BRDA:4,1,1,0
BRDA:14,2,0,0
BRDA:14,2,1,0
BRDA:15,3,0,0
BRDA:15,3,1,0
BRDA:16,4,0,0
BRDA:16,4,1,0
BRDA:17,5,0,0
BRDA:17,5,1,0
BRDA:26,6,0,0
BRDA:26,6,1,0
BRDA:36,7,0,0
BRDA:36,7,1,0
BRDA:55,8,0,0
BRDA:55,8,1,0
BRDA:56,9,0,0
BRDA:56,9,1,0
BRDA:57,10,0,0
BRDA:57,10,1,0
BRDA:57,11,0,0
BRDA:57,11,1,0
BRDA:57,11,2,0
BRDA:66,12,0,0
BRDA:66,12,1,0
BRDA:68,13,0,0
BRDA:68,13,1,0
BRDA:73,14,0,0
BRDA:73,14,1,0
BRDA:97,15,0,0
BRDA:97,15,1,0
BRDA:107,16,0,0
BRDA:107,16,1,0
BRDA:115,17,0,0
BRDA:115,17,1,0
BRDA:115,17,2,0
BRDA:115,17,3,0
BRDA:141,18,0,0
BRDA:141,18,1,0
BRDA:162,19,0,0
BRDA:162,19,1,0
BRDA:162,20,0,0
BRDA:162,20,1,0
BRDA:165,21,0,0
BRDA:165,21,1,0
BRDA:165,21,2,0
BRDA:165,21,3,0
BRDA:165,21,4,0
BRDA:173,22,0,0
BRDA:173,22,1,0
BRDA:173,23,0,0
BRDA:173,23,1,0
BRDA:194,24,0,0
BRDA:194,24,1,0
BRDA:194,25,0,0
BRDA:194,25,1,0
BRDA:226,26,0,0
BRDA:226,26,1,0
BRDA:238,27,0,0
BRDA:238,27,1,0
BRDA:240,28,0,0
BRDA:240,28,1,0
BRDA:265,29,0,0
BRDA:265,29,1,0
BRDA:285,30,0,0
BRDA:285,30,1,0
BRDA:299,31,0,0
BRDA:299,31,1,0
BRDA:302,32,0,0
BRDA:302,32,1,0
BRDA:305,33,0,0
BRDA:305,33,1,0
BRDA:316,34,0,0
BRDA:316,34,1,0
BRDA:357,35,0,0
BRDA:357,35,1,0
BRDA:361,36,0,0
BRDA:361,36,1,0
BRDA:371,37,0,0
BRDA:371,37,1,0
BRDA:379,38,0,0
BRDA:379,38,1,0
BRDA:383,39,0,0
BRDA:383,39,1,0
BRDA:392,40,0,0
BRDA:392,40,1,0
BRDA:408,41,0,0
BRDA:408,41,1,0
BRDA:411,42,0,0
BRDA:411,42,1,0
BRDA:414,43,0,0
BRDA:414,43,1,0
BRDA:417,44,0,0
BRDA:417,44,1,0
BRDA:423,45,0,0
BRDA:423,45,1,0
BRDA:438,46,0,0
BRDA:438,46,1,0
BRDA:440,47,0,0
BRDA:440,47,1,0
BRDA:455,48,0,0
BRDA:455,48,1,0
BRDA:455,49,0,0
BRDA:455,49,1,0
BRDA:479,50,0,0
BRDA:479,50,1,0
BRDA:484,51,0,0
BRDA:484,51,1,0
BRDA:494,52,0,0
BRDA:494,52,1,0
BRDA:516,53,0,0
BRDA:516,53,1,0
BRDA:526,54,0,0
BRDA:526,54,1,0
BRDA:587,55,0,0
BRDA:587,55,1,0
BRDA:605,56,0,0
BRDA:605,56,1,0
BRDA:615,57,0,0
BRDA:615,57,1,0
BRDA:618,58,0,0
BRDA:618,58,1,0
BRDA:644,59,0,0
BRDA:644,59,1,0
BRDA:652,60,0,0
BRDA:652,60,1,0
BRDA:697,61,0,0
BRDA:697,61,1,0
BRDA:697,62,0,0
BRDA:697,62,1,0
BRDA:706,63,0,0
BRDA:706,63,1,0
BRF:132
BRH:0
end_of_record
